[32m[I 2023-04-13 20:39:41,914][0m Trial 171 finished with value: -1.25410795211792 and parameters: {'z_dim': 330, 'hidden': 0.971064749952336, 'dropout': 0.3080628242142114, 'lr': 0.001153198389257632}. Best is trial 34 with value: -1.4645668268203735.[0m
[32m[I 2023-04-13 20:39:46,056][0m Trial 170 finished with value: -1.306598424911499 and parameters: {'z_dim': 332, 'hidden': 2.4091892390038705, 'dropout': 0.3124769553481534, 'lr': 0.0011171876416521693}. Best is trial 34 with value: -1.4645668268203735.[0m
[32m[I 2023-04-13 20:39:49,663][0m Trial 168 finished with value: -1.3384641408920288 and parameters: {'z_dim': 335, 'hidden': 2.414498810919932, 'dropout': 0.35156549317354047, 'lr': 0.0011718147702471683}. Best is trial 34 with value: -1.4645668268203735.[0m
[32m[I 2023-04-13 20:40:53,667][0m Trial 174 finished with value: -1.3563367128372192 and parameters: {'z_dim': 152, 'hidden': 2.425530797719719, 'dropout': 0.3069881178693879, 'lr': 0.0021029993388335436}. Best is trial 34 with value: -1.4645668268203735.[0m
[32m[I 2023-04-13 20:41:32,520][0m Trial 173 finished with value: -1.3852723836898804 and parameters: {'z_dim': 139, 'hidden': 3.3752613915151963, 'dropout': 0.30775739759025766, 'lr': 0.002151981088989696}. Best is trial 34 with value: -1.4645668268203735.[0m
[32m[I 2023-04-13 20:42:46,782][0m Trial 164 finished with value: -1.2469900846481323 and parameters: {'z_dim': 169, 'hidden': 2.2000455064723887, 'dropout': 0.7014365493363888, 'lr': 0.003760879524089957}. Best is trial 34 with value: -1.4645668268203735.[0m
[32m[I 2023-04-13 20:42:50,008][0m Trial 154 finished with value: -1.3414472341537476 and parameters: {'z_dim': 156, 'hidden': 2.1949415689596488, 'dropout': 0.6527206496193797, 'lr': 0.0017106318308474488}. Best is trial 34 with value: -1.4645668268203735.[0m
[32m[I 2023-04-13 20:43:23,744][0m Trial 172 finished with value: -1.369085669517517 and parameters: {'z_dim': 328, 'hidden': 2.4109199694114523, 'dropout': 0.30752039675476533, 'lr': 0.0021452471907980634}. Best is trial 34 with value: -1.4645668268203735.[0m
[32m[I 2023-04-13 20:43:30,474][0m Trial 175 finished with value: -1.3296306133270264 and parameters: {'z_dim': 134, 'hidden': 2.3831540161333233, 'dropout': 0.30454394690741, 'lr': 0.002272843703596593}. Best is trial 34 with value: -1.4645668268203735.[0m
[32m[I 2023-04-13 20:45:12,495][0m Trial 180 finished with value: -1.139593482017517 and parameters: {'z_dim': 51, 'hidden': 3.431967961639271, 'dropout': 0.32551927324921154, 'lr': 0.0021328676544904606}. Best is trial 34 with value: -1.4645668268203735.[0m
[32m[I 2023-04-13 20:46:30,036][0m Trial 177 finished with value: -1.2380765676498413 and parameters: {'z_dim': 142, 'hidden': 3.374456791096246, 'dropout': 0.3561714380649314, 'lr': 0.0022074315413088304}. Best is trial 34 with value: -1.4645668268203735.[0m
[32m[I 2023-04-13 20:47:41,050][0m Trial 179 finished with value: -1.2831759452819824 and parameters: {'z_dim': 58, 'hidden': 2.51727678370639, 'dropout': 0.2859851170230689, 'lr': 0.0022032473415394796}. Best is trial 34 with value: -1.4645668268203735.[0m
[32m[I 2023-04-13 20:48:23,383][0m Trial 178 finished with value: -1.2442231178283691 and parameters: {'z_dim': 140, 'hidden': 2.3477005308587198, 'dropout': 0.7044068579247377, 'lr': 0.0021085479433829973}. Best is trial 34 with value: -1.4645668268203735.[0m
[32m[I 2023-04-13 20:49:59,267][0m Trial 184 finished with value: -1.0632067918777466 and parameters: {'z_dim': 1605, 'hidden': 3.8492963711454498, 'dropout': 0.32507870909880154, 'lr': 0.0021963424946525915}. Best is trial 34 with value: -1.4645668268203735.[0m
[32m[I 2023-04-13 20:50:00,494][0m Trial 183 finished with value: -1.3240137100219727 and parameters: {'z_dim': 50, 'hidden': 2.4910792208025803, 'dropout': 0.32957170275104714, 'lr': 0.002293710846986318}. Best is trial 34 with value: -1.4645668268203735.[0m
[32m[I 2023-04-13 20:51:20,199][0m Trial 185 finished with value: -1.2924532890319824 and parameters: {'z_dim': 75, 'hidden': 2.511062589652425, 'dropout': 0.5183225884055767, 'lr': 0.0014342726663786984}. Best is trial 34 with value: -1.4645668268203735.[0m
[32m[I 2023-04-13 20:51:35,817][0m Trial 176 finished with value: -1.1287881135940552 and parameters: {'z_dim': 1569, 'hidden': 2.412496113226194, 'dropout': 0.35776628627829615, 'lr': 2.3340681728047684e-05}. Best is trial 34 with value: -1.4645668268203735.[0m
[32m[I 2023-04-13 20:52:36,071][0m Trial 145 finished with value: -1.3512617349624634 and parameters: {'z_dim': 108, 'hidden': 2.29653829835139, 'dropout': 0.293847135638191, 'lr': 0.0018646083623675947}. Best is trial 34 with value: -1.4645668268203735.[0m
[32m[I 2023-04-13 20:52:46,239][0m Trial 186 finished with value: -1.3053702116012573 and parameters: {'z_dim': 79, 'hidden': 3.871427048257966, 'dropout': 0.3283981858029713, 'lr': 0.001455305340611898}. Best is trial 34 with value: -1.4645668268203735.[0m
[32m[I 2023-04-13 20:54:35,458][0m Trial 190 finished with value: -1.2020891904830933 and parameters: {'z_dim': 94, 'hidden': 2.2584671828943588, 'dropout': 0.28579403987148055, 'lr': 0.0014754118752355154}. Best is trial 34 with value: -1.4645668268203735.[0m
[32m[I 2023-04-13 20:55:36,703][0m Trial 187 finished with value: -1.3792060613632202 and parameters: {'z_dim': 215, 'hidden': 2.524887382744123, 'dropout': 0.5197047135517254, 'lr': 0.0030539403506271608}. Best is trial 34 with value: -1.4645668268203735.[0m
[32m[I 2023-04-13 20:59:13,304][0m Trial 189 finished with value: -1.376605749130249 and parameters: {'z_dim': 210, 'hidden': 3.315761461889365, 'dropout': 0.331546767831214, 'lr': 0.0014536832729753124}. Best is trial 34 with value: -1.4645668268203735.[0m
[32m[I 2023-04-13 20:59:21,578][0m Trial 192 finished with value: -1.268331527709961 and parameters: {'z_dim': 98, 'hidden': 2.2654358738828853, 'dropout': 0.2919225842280425, 'lr': 0.003142665885026807}. Best is trial 34 with value: -1.4645668268203735.[0m
[32m[I 2023-04-13 20:59:31,604][0m Trial 191 finished with value: -1.4049993753433228 and parameters: {'z_dim': 215, 'hidden': 1.381844757133288, 'dropout': 0.29082793041083815, 'lr': 0.002678504417323304}. Best is trial 34 with value: -1.4645668268203735.[0m
[32m[I 2023-04-13 20:59:34,618][0m Trial 188 finished with value: -1.3076030015945435 and parameters: {'z_dim': 535, 'hidden': 3.3067977466926095, 'dropout': 0.5150392754026739, 'lr': 0.0014608156676394922}. Best is trial 34 with value: -1.4645668268203735.[0m
[32m[I 2023-04-13 20:59:49,730][0m Trial 181 finished with value: -1.3915255069732666 and parameters: {'z_dim': 74, 'hidden': 3.3078310538975857, 'dropout': 0.2894872493814312, 'lr': 0.0022719814162656805}. Best is trial 34 with value: -1.4645668268203735.[0m
[32m[I 2023-04-13 21:00:02,544][0m Trial 194 finished with value: -1.2795175313949585 and parameters: {'z_dim': 225, 'hidden': 2.7873959927078205, 'dropout': 0.28880472804927904, 'lr': 0.00275974561292431}. Best is trial 34 with value: -1.4645668268203735.[0m
[32m[I 2023-04-13 21:00:33,877][0m Trial 195 finished with value: -1.250139832496643 and parameters: {'z_dim': 219, 'hidden': 2.800024355713933, 'dropout': 0.2546615023887406, 'lr': 0.003209513967865522}. Best is trial 34 with value: -1.4645668268203735.[0m
[32m[I 2023-04-13 21:02:08,354][0m Trial 197 finished with value: -0.21761471033096313 and parameters: {'z_dim': 203, 'hidden': 3.3115495188294872, 'dropout': 0.5266765652527822, 'lr': 0.0032503433098446553}. Best is trial 34 with value: -1.4645668268203735.[0m
[32m[I 2023-04-13 21:02:21,269][0m Trial 182 finished with value: -1.2554527521133423 and parameters: {'z_dim': 64, 'hidden': 3.353427651522558, 'dropout': 0.3274808178119179, 'lr': 0.0021560737142988827}. Best is trial 34 with value: -1.4645668268203735.[0m
[32m[I 2023-04-13 21:03:38,882][0m Trial 196 finished with value: -1.37721848487854 and parameters: {'z_dim': 211, 'hidden': 2.963313053929174, 'dropout': 0.5271201396856556, 'lr': 0.0028826623995822174}. Best is trial 34 with value: -1.4645668268203735.[0m
[32m[I 2023-04-13 21:03:54,385][0m Trial 199 finished with value: -1.2639063596725464 and parameters: {'z_dim': 213, 'hidden': 3.584237646865636, 'dropout': 0.5230770374796505, 'lr': 0.000977151823663626}. Best is trial 34 with value: -1.4645668268203735.[0m
[32m[I 2023-04-13 21:06:34,875][0m Trial 201 finished with value: -0.2831614017486572 and parameters: {'z_dim': 212, 'hidden': 3.5173118427036787, 'dropout': 0.48052795131785947, 'lr': 0.0028403434833586382}. Best is trial 34 with value: -1.4645668268203735.[0m
[32m[I 2023-04-13 21:07:19,616][0m Trial 198 finished with value: -1.3315550088882446 and parameters: {'z_dim': 214, 'hidden': 3.3196088565243045, 'dropout': 0.5841337570012327, 'lr': 0.002850281743633482}. Best is trial 34 with value: -1.4645668268203735.[0m
[32m[I 2023-04-13 21:07:52,192][0m Trial 200 finished with value: -1.21586275100708 and parameters: {'z_dim': 217, 'hidden': 2.9641783848062806, 'dropout': 0.5871769186357529, 'lr': 0.0026571557411004714}. Best is trial 34 with value: -1.4645668268203735.[0m
[32m[I 2023-04-13 21:08:28,775][0m Trial 206 finished with value: -1.1330326795578003 and parameters: {'z_dim': 1735, 'hidden': 2.9604691584222365, 'dropout': 0.5422952834882799, 'lr': 0.0007977403293521693}. Best is trial 34 with value: -1.4645668268203735.[0m
[32m[I 2023-04-13 21:08:40,138][0m Trial 203 finished with value: -1.3012953996658325 and parameters: {'z_dim': 189, 'hidden': 1.3592310196420854, 'dropout': 0.3435339920679578, 'lr': 0.0009812651666944053}. Best is trial 34 with value: -1.4645668268203735.[0m
[32m[I 2023-04-13 21:09:10,326][0m Trial 204 finished with value: -1.3480910062789917 and parameters: {'z_dim': 136, 'hidden': 2.9914057350026004, 'dropout': 0.583054624240342, 'lr': 0.000989028489216668}. Best is trial 34 with value: -1.4645668268203735.[0m
[32m[I 2023-04-13 21:09:32,127][0m Trial 207 finished with value: -1.0512263774871826 and parameters: {'z_dim': 1454, 'hidden': 1.3645242093422678, 'dropout': 0.4902949906513731, 'lr': 0.003958849017188438}. Best is trial 34 with value: -1.4645668268203735.[0m
[32m[I 2023-04-13 21:10:50,282][0m Trial 202 finished with value: -1.3552402257919312 and parameters: {'z_dim': 203, 'hidden': 3.189974457090637, 'dropout': 0.25216455730788895, 'lr': 0.002652226931748874}. Best is trial 34 with value: -1.4645668268203735.[0m
[32m[I 2023-04-13 21:11:26,353][0m Trial 213 finished with value: 0.18265509605407715 and parameters: {'z_dim': 282, 'hidden': 3.441168260239707, 'dropout': 0.6310813876404906, 'lr': 0.0036819768821370084}. Best is trial 34 with value: -1.4645668268203735.[0m
[32m[I 2023-04-13 21:14:31,956][0m Trial 211 finished with value: -1.2683429718017578 and parameters: {'z_dim': 130, 'hidden': 1.4110936961835272, 'dropout': 0.34358999324114703, 'lr': 0.002528819669546722}. Best is trial 34 with value: -1.4645668268203735.[0m
[32m[I 2023-04-13 21:15:35,946][0m Trial 209 finished with value: -1.3186969757080078 and parameters: {'z_dim': 135, 'hidden': 2.952895050856382, 'dropout': 0.48883412551512107, 'lr': 0.0007234844986179697}. Best is trial 34 with value: -1.4645668268203735.[0m
[32m[I 2023-04-13 21:15:45,957][0m Trial 215 finished with value: -1.0913478136062622 and parameters: {'z_dim': 269, 'hidden': 3.0786064794689096, 'dropout': 0.5670720253205086, 'lr': 0.0015512360774861947}. Best is trial 34 with value: -1.4645668268203735.[0m
[32m[I 2023-04-13 21:15:57,917][0m Trial 212 finished with value: -1.354493260383606 and parameters: {'z_dim': 140, 'hidden': 3.0816307273586125, 'dropout': 0.5564583045338148, 'lr': 0.004099423938395477}. Best is trial 34 with value: -1.4645668268203735.[0m
[32m[I 2023-04-13 21:17:00,352][0m Trial 214 finished with value: -1.2595893144607544 and parameters: {'z_dim': 284, 'hidden': 3.181677550528643, 'dropout': 0.2749744855767454, 'lr': 0.00450515050402207}. Best is trial 34 with value: -1.4645668268203735.[0m
[32m[I 2023-04-13 21:17:35,913][0m Trial 210 finished with value: -1.2773687839508057 and parameters: {'z_dim': 119, 'hidden': 3.2275783559147175, 'dropout': 0.5484557757042149, 'lr': 0.0048380095714770565}. Best is trial 34 with value: -1.4645668268203735.[0m
[32m[I 2023-04-13 21:17:40,432][0m Trial 216 finished with value: -1.1913630962371826 and parameters: {'z_dim': 476, 'hidden': 1.2491884378915605, 'dropout': 0.30512967060965296, 'lr': 0.001343178542245138}. Best is trial 34 with value: -1.4645668268203735.[0m
[32m[I 2023-04-13 21:18:33,616][0m Trial 208 finished with value: -1.3100322484970093 and parameters: {'z_dim': 139, 'hidden': 1.385956129040259, 'dropout': 0.5778007114370908, 'lr': 0.004899847188216898}. Best is trial 34 with value: -1.4645668268203735.[0m
[32m[I 2023-04-13 21:20:25,879][0m Trial 217 finished with value: -1.0993293523788452 and parameters: {'z_dim': 134, 'hidden': 3.0859553934233444, 'dropout': 0.27653620043598437, 'lr': 4.1424106585727395e-05}. Best is trial 34 with value: -1.4645668268203735.[0m
[32m[I 2023-04-13 21:21:31,068][0m Trial 218 finished with value: -0.9787977933883667 and parameters: {'z_dim': 268, 'hidden': 3.1388012516239394, 'dropout': 0.2792431282161421, 'lr': 4.4609509331234895e-05}. Best is trial 34 with value: -1.4645668268203735.[0m
[32m[I 2023-04-13 21:22:53,517][0m Trial 219 finished with value: -1.2155789136886597 and parameters: {'z_dim': 1201, 'hidden': 2.4980533423843574, 'dropout': 0.5522699493903278, 'lr': 0.0014016723416425776}. Best is trial 34 with value: -1.4645668268203735.[0m
[32m[I 2023-04-13 21:24:00,423][0m Trial 223 finished with value: -1.3670856952667236 and parameters: {'z_dim': 172, 'hidden': 2.0785199385112674, 'dropout': 0.27856617669058603, 'lr': 0.00245344900026813}. Best is trial 34 with value: -1.4645668268203735.[0m
[32m[I 2023-04-13 21:24:30,739][0m Trial 220 finished with value: -1.37755286693573 and parameters: {'z_dim': 176, 'hidden': 3.212620017887319, 'dropout': 0.28295491776693243, 'lr': 0.003200345396879552}. Best is trial 34 with value: -1.4645668268203735.[0m
[32m[I 2023-04-13 21:25:53,676][0m Trial 205 finished with value: -1.3147448301315308 and parameters: {'z_dim': 204, 'hidden': 3.5037217354952537, 'dropout': 0.5769138747548097, 'lr': 0.002562540583984594}. Best is trial 34 with value: -1.4645668268203735.[0m
[32m[I 2023-04-13 21:26:04,594][0m Trial 221 finished with value: -1.3609991073608398 and parameters: {'z_dim': 172, 'hidden': 3.2573131249534883, 'dropout': 0.30144045489380505, 'lr': 0.00132264587886715}. Best is trial 34 with value: -1.4645668268203735.[0m
[32m[I 2023-04-13 21:26:38,772][0m Trial 222 finished with value: -1.3070262670516968 and parameters: {'z_dim': 158, 'hidden': 0.8022930981379065, 'dropout': 0.29947353861575193, 'lr': 0.0016441511400676714}. Best is trial 34 with value: -1.4645668268203735.[0m
[32m[I 2023-04-13 21:27:26,130][0m Trial 225 finished with value: -1.3456438779830933 and parameters: {'z_dim': 169, 'hidden': 2.0922846197181735, 'dropout': 0.3163071284872266, 'lr': 0.00319287087028999}. Best is trial 34 with value: -1.4645668268203735.[0m
[32m[I 2023-04-13 21:29:03,238][0m Trial 226 finished with value: -1.3398551940917969 and parameters: {'z_dim': 163, 'hidden': 0.8051622394165695, 'dropout': 0.2986983806574638, 'lr': 0.0032935363452915923}. Best is trial 34 with value: -1.4645668268203735.[0m
[32m[I 2023-04-13 21:29:08,684][0m Trial 227 finished with value: -1.0534759759902954 and parameters: {'z_dim': 1010, 'hidden': 2.0970769944171916, 'dropout': 0.2995555166285472, 'lr': 0.0025228453181688213}. Best is trial 34 with value: -1.4645668268203735.[0m
[32m[I 2023-04-13 21:30:53,852][0m Trial 224 finished with value: -1.143699288368225 and parameters: {'z_dim': 181, 'hidden': 2.079886248023168, 'dropout': 0.2791685411716636, 'lr': 7.805220726691757e-05}. Best is trial 34 with value: -1.4645668268203735.[0m
[32m[I 2023-04-13 21:31:00,217][0m Trial 231 finished with value: -1.2342857122421265 and parameters: {'z_dim': 97, 'hidden': 0.7982517689546971, 'dropout': 0.3146075279161147, 'lr': 0.0031643478507959663}. Best is trial 34 with value: -1.4645668268203735.[0m
[32m[I 2023-04-13 21:31:48,527][0m Trial 228 finished with value: -1.356958270072937 and parameters: {'z_dim': 176, 'hidden': 0.8035757428587605, 'dropout': 0.3140431274540546, 'lr': 0.0031735571534195306}. Best is trial 34 with value: -1.4645668268203735.[0m
[32m[I 2023-04-13 21:32:52,487][0m Trial 229 finished with value: -1.2517437934875488 and parameters: {'z_dim': 415, 'hidden': 2.6071099715578407, 'dropout': 0.3161903262270915, 'lr': 0.003059061002423963}. Best is trial 34 with value: -1.4645668268203735.[0m
[32m[I 2023-04-13 21:33:21,978][0m Trial 233 finished with value: -1.3216389417648315 and parameters: {'z_dim': 96, 'hidden': 2.3688980985593804, 'dropout': 0.2593550585104467, 'lr': 0.0019606057897310326}. Best is trial 34 with value: -1.4645668268203735.[0m
[32m[I 2023-04-13 21:34:13,542][0m Trial 237 finished with value: -0.23459529876708984 and parameters: {'z_dim': 383, 'hidden': 2.3460159660750497, 'dropout': 0.25874447251103366, 'lr': 0.0019340684448188642}. Best is trial 34 with value: -1.4645668268203735.[0m
[32m[I 2023-04-13 21:35:32,421][0m Trial 235 finished with value: -1.269575595855713 and parameters: {'z_dim': 95, 'hidden': 2.365611112935548, 'dropout': 0.25906050352055465, 'lr': 0.0019616539869191994}. Best is trial 34 with value: -1.4645668268203735.[0m
[32m[I 2023-04-13 21:36:40,966][0m Trial 234 finished with value: -1.378319501876831 and parameters: {'z_dim': 82, 'hidden': 2.345470735296429, 'dropout': 0.25902582327314394, 'lr': 0.0028988743979171524}. Best is trial 34 with value: -1.4645668268203735.[0m
[32m[I 2023-04-13 21:36:53,583][0m Trial 232 finished with value: -1.3427109718322754 and parameters: {'z_dim': 82, 'hidden': 2.658380903841508, 'dropout': 0.31444441058440636, 'lr': 0.003312113138910958}. Best is trial 34 with value: -1.4645668268203735.[0m
[32m[I 2023-04-13 21:39:15,346][0m Trial 238 finished with value: -1.3140524625778198 and parameters: {'z_dim': 409, 'hidden': 2.6141684749305214, 'dropout': 0.25540571122194267, 'lr': 0.0018989447372813836}. Best is trial 34 with value: -1.4645668268203735.[0m
[32m[I 2023-04-13 21:39:23,559][0m Trial 241 finished with value: -1.1980359554290771 and parameters: {'z_dim': 241, 'hidden': 2.2380056823628998, 'dropout': 0.288867722017265, 'lr': 0.0016342175334066174}. Best is trial 34 with value: -1.4645668268203735.[0m
[32m[I 2023-04-13 21:39:47,596][0m Trial 242 finished with value: -1.1501476764678955 and parameters: {'z_dim': 244, 'hidden': 0.5869825504137978, 'dropout': 0.28816593895334236, 'lr': 0.0016244244398653394}. Best is trial 34 with value: -1.4645668268203735.[0m
[32m[I 2023-04-13 21:40:33,098][0m Trial 240 finished with value: -1.3592867851257324 and parameters: {'z_dim': 373, 'hidden': 2.348602612698702, 'dropout': 0.2915825433145461, 'lr': 0.002013629089102864}. Best is trial 34 with value: -1.4645668268203735.[0m
[32m[I 2023-04-13 21:41:27,272][0m Trial 239 finished with value: -1.3370169401168823 and parameters: {'z_dim': 92, 'hidden': 2.346699913114628, 'dropout': 0.25310660412531133, 'lr': 0.002018392648262988}. Best is trial 34 with value: -1.4645668268203735.[0m
[32m[I 2023-04-13 21:43:32,709][0m Trial 193 finished with value: -1.1328858137130737 and parameters: {'z_dim': 1761, 'hidden': 2.246857626059638, 'dropout': 0.2901227845976035, 'lr': 0.003206466348556185}. Best is trial 34 with value: -1.4645668268203735.[0m
[32m[I 2023-04-13 21:44:22,497][0m Trial 243 finished with value: -1.3182134628295898 and parameters: {'z_dim': 81, 'hidden': 2.2312164443944913, 'dropout': 0.2889069364709647, 'lr': 0.0023832419859301976}. Best is trial 34 with value: -1.4645668268203735.[0m
[32m[I 2023-04-13 21:44:44,596][0m Trial 247 finished with value: -1.2196931838989258 and parameters: {'z_dim': 121, 'hidden': 2.3164978285482056, 'dropout': 0.23918844386291668, 'lr': 0.0027482838737731404}. Best is trial 34 with value: -1.4645668268203735.[0m
[32m[I 2023-04-13 21:45:31,812][0m Trial 245 finished with value: -1.2887088060379028 and parameters: {'z_dim': 241, 'hidden': 2.2118015137180382, 'dropout': 0.29627503053642973, 'lr': 0.002501123521459627}. Best is trial 34 with value: -1.4645668268203735.[0m
[32m[I 2023-04-13 21:46:57,680][0m Trial 244 finished with value: -1.3173786401748657 and parameters: {'z_dim': 248, 'hidden': 2.2507500414741877, 'dropout': 0.23819392368553166, 'lr': 0.0028394994769470705}. Best is trial 34 with value: -1.4645668268203735.[0m
[32m[I 2023-04-13 21:47:08,613][0m Trial 246 finished with value: -1.3668849468231201 and parameters: {'z_dim': 127, 'hidden': 3.7716068058967016, 'dropout': 0.2845192266369636, 'lr': 0.0023956800917609602}. Best is trial 34 with value: -1.4645668268203735.[0m
[32m[I 2023-04-13 21:48:36,938][0m Trial 248 finished with value: -1.3661519289016724 and parameters: {'z_dim': 124, 'hidden': 2.2504793957970755, 'dropout': 0.7329796245711208, 'lr': 0.002434479142080275}. Best is trial 34 with value: -1.4645668268203735.[0m
[32m[I 2023-04-13 21:49:04,039][0m Trial 230 finished with value: -1.3449723720550537 and parameters: {'z_dim': 171, 'hidden': 2.6692429059443246, 'dropout': 0.30037307167642663, 'lr': 0.0035152493717381106}. Best is trial 34 with value: -1.4645668268203735.[0m
[32m[I 2023-04-13 21:49:04,579][0m Trial 236 finished with value: -1.3743482828140259 and parameters: {'z_dim': 86, 'hidden': 2.354989391542089, 'dropout': 0.2583964011329936, 'lr': 0.0019997279848737153}. Best is trial 34 with value: -1.4645668268203735.[0m
