[32m[I 2023-04-13 21:50:14,587][0m Trial 251 finished with value: -1.2406362295150757 and parameters: {'z_dim': 137, 'hidden': 2.4555326778530584, 'dropout': 0.5061199169801335, 'lr': 0.0026937003204860212}. Best is trial 34 with value: -1.4645668268203735.[0m
[32m[I 2023-04-13 21:51:30,425][0m Trial 249 finished with value: -1.4303969144821167 and parameters: {'z_dim': 126, 'hidden': 2.2291518813580407, 'dropout': 0.7383296003510863, 'lr': 0.0027298591599122326}. Best is trial 34 with value: -1.4645668268203735.[0m
[32m[I 2023-04-13 21:52:13,819][0m Trial 253 finished with value: -1.2805521488189697 and parameters: {'z_dim': 320, 'hidden': 2.4305468934470045, 'dropout': 0.5289115851794045, 'lr': 0.0023128085837068085}. Best is trial 34 with value: -1.4645668268203735.[0m
[32m[I 2023-04-13 21:53:03,305][0m Trial 256 finished with value: -0.9715979099273682 and parameters: {'z_dim': 304, 'hidden': 2.440823830489833, 'dropout': 0.32511128148161933, 'lr': 0.003707465174170162}. Best is trial 34 with value: -1.4645668268203735.[0m
[32m[I 2023-04-13 21:53:08,827][0m Trial 255 finished with value: -1.2602213621139526 and parameters: {'z_dim': 459, 'hidden': 2.4478114245049767, 'dropout': 0.33474536805660643, 'lr': 0.0012582908468405803}. Best is trial 34 with value: -1.4645668268203735.[0m
[32m[I 2023-04-13 21:53:13,602][0m Trial 252 finished with value: -1.40877103805542 and parameters: {'z_dim': 298, 'hidden': 2.4392980517245215, 'dropout': 0.33256287604928947, 'lr': 0.0025981405984195688}. Best is trial 34 with value: -1.4645668268203735.[0m
[32m[I 2023-04-13 21:54:53,509][0m Trial 259 finished with value: -1.23935067653656 and parameters: {'z_dim': 60, 'hidden': 2.44400738504744, 'dropout': 0.2697340199164363, 'lr': 0.0010629932294006427}. Best is trial 34 with value: -1.4645668268203735.[0m
[32m[I 2023-04-13 21:57:42,284][0m Trial 260 finished with value: -1.3331243991851807 and parameters: {'z_dim': 192, 'hidden': 2.524430139762661, 'dropout': 0.8635888909054903, 'lr': 0.0012418386719011886}. Best is trial 34 with value: -1.4645668268203735.[0m
[32m[I 2023-04-13 21:57:52,748][0m Trial 258 finished with value: -1.2078008651733398 and parameters: {'z_dim': 68, 'hidden': 2.4453800064410336, 'dropout': 0.8996143700644591, 'lr': 0.001196745880978031}. Best is trial 34 with value: -1.4645668268203735.[0m
[32m[I 2023-04-13 21:58:46,036][0m Trial 264 finished with value: -1.28614342212677 and parameters: {'z_dim': 51, 'hidden': 3.3926499674637807, 'dropout': 0.7892109018326883, 'lr': 0.0010193857636923826}. Best is trial 34 with value: -1.4645668268203735.[0m
[32m[I 2023-04-13 21:59:44,601][0m Trial 261 finished with value: -1.3686672449111938 and parameters: {'z_dim': 188, 'hidden': 2.5414298973804663, 'dropout': 0.33302977370387543, 'lr': 0.0011611978857078821}. Best is trial 34 with value: -1.4645668268203735.[0m
[32m[I 2023-04-13 22:00:15,221][0m Trial 262 finished with value: -1.3081473112106323 and parameters: {'z_dim': 53, 'hidden': 3.2621559476343753, 'dropout': 0.7249616835818419, 'lr': 0.0012425608137475853}. Best is trial 34 with value: -1.4645668268203735.[0m
[32m[I 2023-04-13 22:00:25,744][0m Trial 263 finished with value: -1.3644009828567505 and parameters: {'z_dim': 193, 'hidden': 3.241213047468106, 'dropout': 0.8485949230771174, 'lr': 0.002778748357863298}. Best is trial 34 with value: -1.4645668268203735.[0m
[32m[I 2023-04-13 22:01:05,846][0m Trial 254 finished with value: -1.3760058879852295 and parameters: {'z_dim': 458, 'hidden': 2.4433704363588546, 'dropout': 0.33329610215107286, 'lr': 0.002371093508237536}. Best is trial 34 with value: -1.4645668268203735.[0m
[32m[I 2023-04-13 22:01:49,509][0m Trial 265 finished with value: -1.2677931785583496 and parameters: {'z_dim': 198, 'hidden': 3.222712943828725, 'dropout': 0.3645670271811893, 'lr': 0.002790488976653249}. Best is trial 34 with value: -1.4645668268203735.[0m
[32m[I 2023-04-13 22:02:22,109][0m Trial 271 finished with value: 0.480257511138916 and parameters: {'z_dim': 1102, 'hidden': 1.955449994283274, 'dropout': 0.34638684794815133, 'lr': 0.002861393646278218}. Best is trial 34 with value: -1.4645668268203735.[0m
[32m[I 2023-04-13 22:03:54,282][0m Trial 267 finished with value: -0.1498364806175232 and parameters: {'z_dim': 196, 'hidden': 3.393751847772579, 'dropout': 0.36769826016177276, 'lr': 0.002972291366878588}. Best is trial 34 with value: -1.4645668268203735.[0m
[32m[I 2023-04-13 22:05:01,706][0m Trial 268 finished with value: -1.323369026184082 and parameters: {'z_dim': 214, 'hidden': 2.5558501824491633, 'dropout': 0.7656876283754455, 'lr': 0.002859014754935022}. Best is trial 34 with value: -1.4645668268203735.[0m
[32m[I 2023-04-13 22:05:11,123][0m Trial 270 finished with value: -1.2567524909973145 and parameters: {'z_dim': 216, 'hidden': 1.965750882051614, 'dropout': 0.5288597031074969, 'lr': 0.0007837964040796686}. Best is trial 34 with value: -1.4645668268203735.[0m
[32m[I 2023-04-13 22:05:29,201][0m Trial 269 finished with value: -1.3149077892303467 and parameters: {'z_dim': 218, 'hidden': 3.3293652633935746, 'dropout': 0.36440822149918617, 'lr': 0.0028380313603025725}. Best is trial 34 with value: -1.4645668268203735.[0m
[32m[I 2023-04-13 22:07:26,233][0m Trial 266 finished with value: -1.3054711818695068 and parameters: {'z_dim': 1285, 'hidden': 3.3729881507297605, 'dropout': 0.7169998834020339, 'lr': 0.002742654199300537}. Best is trial 34 with value: -1.4645668268203735.[0m
[32m[I 2023-04-13 22:07:32,988][0m Trial 273 finished with value: -1.0755935907363892 and parameters: {'z_dim': 1150, 'hidden': 2.8849873518678955, 'dropout': 0.5104322691954147, 'lr': 0.0038074659388156263}. Best is trial 34 with value: -1.4645668268203735.[0m
[32m[I 2023-04-13 22:09:50,384][0m Trial 274 finished with value: -1.2988487482070923 and parameters: {'z_dim': 285, 'hidden': 2.1447126700426553, 'dropout': 0.5113301676754771, 'lr': 0.0036755526387347373}. Best is trial 34 with value: -1.4645668268203735.[0m
[32m[I 2023-04-13 22:10:22,008][0m Trial 277 finished with value: -1.189731240272522 and parameters: {'z_dim': 297, 'hidden': 2.322892311062999, 'dropout': 0.31589164045141505, 'lr': 0.003907677082442392}. Best is trial 34 with value: -1.4645668268203735.[0m
[32m[I 2023-04-13 22:13:16,902][0m Trial 272 finished with value: -1.3850390911102295 and parameters: {'z_dim': 290, 'hidden': 2.1391222935454173, 'dropout': 0.3648960996942555, 'lr': 0.00295232948806178}. Best is trial 34 with value: -1.4645668268203735.[0m
[32m[I 2023-04-13 22:13:37,140][0m Trial 279 finished with value: -1.2779223918914795 and parameters: {'z_dim': 136, 'hidden': 2.305523519239913, 'dropout': 0.2754364619499253, 'lr': 0.0016050150619408904}. Best is trial 34 with value: -1.4645668268203735.[0m
[32m[I 2023-04-13 22:13:38,681][0m Trial 278 finished with value: -1.4223508834838867 and parameters: {'z_dim': 148, 'hidden': 2.142872739949862, 'dropout': 0.3150529198999355, 'lr': 0.003911785833769189}. Best is trial 34 with value: -1.4645668268203735.[0m
[32m[I 2023-04-13 22:14:39,907][0m Trial 280 finished with value: -1.3015360832214355 and parameters: {'z_dim': 289, 'hidden': 3.6004894143041763, 'dropout': 0.31232557758374735, 'lr': 0.0016248698536607744}. Best is trial 34 with value: -1.4645668268203735.[0m
[32m[I 2023-04-13 22:14:42,688][0m Trial 276 finished with value: -1.3054451942443848 and parameters: {'z_dim': 281, 'hidden': 2.1422623496505637, 'dropout': 0.3111409943371145, 'lr': 0.0015726574797732679}. Best is trial 34 with value: -1.4645668268203735.[0m
[32m[I 2023-04-13 22:15:16,131][0m Trial 257 finished with value: -1.365389347076416 and parameters: {'z_dim': 332, 'hidden': 2.4390075818024175, 'dropout': 0.5086898687028241, 'lr': 0.0010779991813889115}. Best is trial 34 with value: -1.4645668268203735.[0m
[32m[I 2023-04-13 22:16:14,428][0m Trial 285 finished with value: -0.22424805164337158 and parameters: {'z_dim': 147, 'hidden': 2.1307465542248014, 'dropout': 0.40650241820823246, 'lr': 0.006376382754333795}. Best is trial 34 with value: -1.4645668268203735.[0m
[32m[I 2023-04-13 22:17:11,631][0m Trial 282 finished with value: -1.3813468217849731 and parameters: {'z_dim': 144, 'hidden': 3.62348187104332, 'dropout': 0.272595444893665, 'lr': 0.0016262201114009384}. Best is trial 34 with value: -1.4645668268203735.[0m
[32m[I 2023-04-13 22:17:50,624][0m Trial 275 finished with value: -1.329628348350525 and parameters: {'z_dim': 147, 'hidden': 2.8713668240228487, 'dropout': 0.5309165348794078, 'lr': 0.001669870857428791}. Best is trial 34 with value: -1.4645668268203735.[0m
[32m[I 2023-04-13 22:18:47,715][0m Trial 289 finished with value: -0.15477389097213745 and parameters: {'z_dim': 111, 'hidden': 2.1686871320406413, 'dropout': 0.3853994319231853, 'lr': 0.0045833499750808325}. Best is trial 34 with value: -1.4645668268203735.[0m
[32m[I 2023-04-13 22:19:00,766][0m Trial 281 finished with value: -1.4311261177062988 and parameters: {'z_dim': 141, 'hidden': 2.1481154513767615, 'dropout': 0.8136660977417632, 'lr': 0.0016377371280208533}. Best is trial 34 with value: -1.4645668268203735.[0m
[32m[I 2023-04-13 22:20:13,478][0m Trial 287 finished with value: -1.2523422241210938 and parameters: {'z_dim': 116, 'hidden': 1.4642604040741412, 'dropout': 0.3480152050688339, 'lr': 0.004180362783486387}. Best is trial 34 with value: -1.4645668268203735.[0m
[32m[I 2023-04-13 22:20:37,349][0m Trial 284 finished with value: -1.2443902492523193 and parameters: {'z_dim': 269, 'hidden': 2.149684609315751, 'dropout': 0.32385889447619925, 'lr': 0.0004963990853518118}. Best is trial 34 with value: -1.4645668268203735.[0m
[32m[I 2023-04-13 22:20:43,981][0m Trial 293 finished with value: 0.9222913980484009 and parameters: {'z_dim': 1907, 'hidden': 1.4545710102155844, 'dropout': 0.8002189183129312, 'lr': 0.00416451188590687}. Best is trial 34 with value: -1.4645668268203735.[0m
[32m[I 2023-04-13 22:21:31,293][0m Trial 283 finished with value: -1.3133748769760132 and parameters: {'z_dim': 144, 'hidden': 3.589791936465241, 'dropout': 0.3897426223421586, 'lr': 0.0016090278381617083}. Best is trial 34 with value: -1.4645668268203735.[0m
[32m[I 2023-04-13 22:21:53,574][0m Trial 290 finished with value: -1.1302015781402588 and parameters: {'z_dim': 111, 'hidden': 2.0205682030003915, 'dropout': 0.3919472596688796, 'lr': 0.004565921875184858}. Best is trial 34 with value: -1.4645668268203735.[0m
[32m[I 2023-04-13 22:22:55,824][0m Trial 286 finished with value: -1.3216800689697266 and parameters: {'z_dim': 143, 'hidden': 2.1243605525863343, 'dropout': 0.34399048782303837, 'lr': 0.004076369943414514}. Best is trial 34 with value: -1.4645668268203735.[0m
[32m[I 2023-04-13 22:23:04,669][0m Trial 291 finished with value: -0.21869999170303345 and parameters: {'z_dim': 96, 'hidden': 3.9241257941506285, 'dropout': 0.3897597836621227, 'lr': 0.003299813574217623}. Best is trial 34 with value: -1.4645668268203735.[0m
[32m[I 2023-04-13 22:25:29,797][0m Trial 296 finished with value: -1.2420941591262817 and parameters: {'z_dim': 102, 'hidden': 2.0452868719008324, 'dropout': 0.2750598558839778, 'lr': 0.0008666242741088505}. Best is trial 34 with value: -1.4645668268203735.[0m
[32m[I 2023-04-13 22:26:28,857][0m Trial 292 finished with value: -1.3346824645996094 and parameters: {'z_dim': 108, 'hidden': 3.8810945971735036, 'dropout': 0.6202403509400342, 'lr': 0.0033240513939910496}. Best is trial 34 with value: -1.4645668268203735.[0m
[32m[I 2023-04-13 22:26:39,688][0m Trial 294 finished with value: -1.2926961183547974 and parameters: {'z_dim': 114, 'hidden': 2.0352183011915264, 'dropout': 0.8040476613233017, 'lr': 0.0008798649153607847}. Best is trial 34 with value: -1.4645668268203735.[0m
[32m[I 2023-04-13 22:27:14,141][0m Trial 295 finished with value: -1.167075514793396 and parameters: {'z_dim': 105, 'hidden': 3.9103281077008205, 'dropout': 0.6856473930803599, 'lr': 0.0034134549882291723}. Best is trial 34 with value: -1.4645668268203735.[0m
[32m[I 2023-04-13 22:28:05,502][0m Trial 300 finished with value: 0.03550004959106445 and parameters: {'z_dim': 93, 'hidden': 2.011350224926926, 'dropout': 0.8091013281246444, 'lr': 0.005438158576028963}. Best is trial 34 with value: -1.4645668268203735.[0m
[32m[I 2023-04-13 22:29:25,820][0m Trial 299 finished with value: -1.3276796340942383 and parameters: {'z_dim': 94, 'hidden': 2.0117838080397297, 'dropout': 0.7468499783896397, 'lr': 0.000897133014094754}. Best is trial 34 with value: -1.4645668268203735.[0m
[32m[I 2023-04-13 22:30:04,220][0m Trial 298 finished with value: -1.4437960386276245 and parameters: {'z_dim': 97, 'hidden': 3.9370485921844875, 'dropout': 0.27016185985366836, 'lr': 0.0009457059350814074}. Best is trial 34 with value: -1.4645668268203735.[0m
[32m[I 2023-04-13 22:31:59,631][0m Trial 301 finished with value: -1.302939534187317 and parameters: {'z_dim': 160, 'hidden': 3.9948715060000177, 'dropout': 0.7521057571914967, 'lr': 0.0013694880351887812}. Best is trial 34 with value: -1.4645668268203735.[0m
[32m[I 2023-04-13 22:32:12,020][0m Trial 303 finished with value: -1.2613780498504639 and parameters: {'z_dim': 163, 'hidden': 2.2149765579662914, 'dropout': 0.30163904373054184, 'lr': 0.001407925290451804}. Best is trial 34 with value: -1.4645668268203735.[0m
[32m[I 2023-04-13 22:33:00,982][0m Trial 302 finished with value: -1.325830101966858 and parameters: {'z_dim': 166, 'hidden': 2.2199423643883947, 'dropout': 0.7553435339909006, 'lr': 0.0013844273522911465}. Best is trial 34 with value: -1.4645668268203735.[0m
[32m[I 2023-04-13 22:35:09,222][0m Trial 307 finished with value: -1.2392616271972656 and parameters: {'z_dim': 166, 'hidden': 3.7831937913883653, 'dropout': 0.8356280036994523, 'lr': 0.0009724361193109857}. Best is trial 34 with value: -1.4645668268203735.[0m
[32m[I 2023-04-13 22:36:16,748][0m Trial 297 finished with value: -1.3945908546447754 and parameters: {'z_dim': 101, 'hidden': 2.0104311182296417, 'dropout': 0.7445242765925593, 'lr': 0.0009082060193986755}. Best is trial 34 with value: -1.4645668268203735.[0m
[32m[I 2023-04-13 22:37:43,189][0m Trial 304 finished with value: -1.3294453620910645 and parameters: {'z_dim': 171, 'hidden': 3.490447169990312, 'dropout': 0.3015156946001341, 'lr': 0.0013720925141387224}. Best is trial 34 with value: -1.4645668268203735.[0m
[32m[I 2023-04-13 22:38:06,754][0m Trial 309 finished with value: -1.256052851676941 and parameters: {'z_dim': 75, 'hidden': 3.8087890436814567, 'dropout': 0.7781274498205255, 'lr': 0.001006394643152371}. Best is trial 34 with value: -1.4645668268203735.[0m
[32m[I 2023-04-13 22:38:16,363][0m Trial 306 finished with value: -1.3494216203689575 and parameters: {'z_dim': 165, 'hidden': 3.7762977031092824, 'dropout': 0.8284434539809774, 'lr': 0.002187853614735883}. Best is trial 34 with value: -1.4645668268203735.[0m
[32m[I 2023-04-13 22:38:24,754][0m Trial 311 finished with value: -1.034579873085022 and parameters: {'z_dim': 64, 'hidden': 3.767756099871552, 'dropout': 0.22041357376829293, 'lr': 0.0018259717272423957}. Best is trial 34 with value: -1.4645668268203735.[0m
[32m[I 2023-04-13 22:38:42,098][0m Trial 310 finished with value: -1.2930171489715576 and parameters: {'z_dim': 55, 'hidden': 1.2725546281041111, 'dropout': 0.20635777740312183, 'lr': 0.000986791901014938}. Best is trial 34 with value: -1.4645668268203735.[0m
[32m[I 2023-04-13 22:38:56,619][0m Trial 308 finished with value: -1.3545887470245361 and parameters: {'z_dim': 63, 'hidden': 2.2200852472849517, 'dropout': 0.23271908766885335, 'lr': 0.00099082953539274}. Best is trial 34 with value: -1.4645668268203735.[0m
[32m[I 2023-04-13 22:39:59,861][0m Trial 288 finished with value: -1.3572441339492798 and parameters: {'z_dim': 148, 'hidden': 2.154628317116426, 'dropout': 0.33546355783742815, 'lr': 0.003300402448672728}. Best is trial 34 with value: -1.4645668268203735.[0m
[32m[I 2023-04-13 22:40:59,878][0m Trial 250 finished with value: -1.376684308052063 and parameters: {'z_dim': 302, 'hidden': 2.4429702276961516, 'dropout': 0.2336408053443974, 'lr': 0.0023010593381096347}. Best is trial 34 with value: -1.4645668268203735.[0m
[32m[I 2023-04-13 22:42:55,282][0m Trial 305 finished with value: -1.406304121017456 and parameters: {'z_dim': 155, 'hidden': 3.756560914952259, 'dropout': 0.831303861576234, 'lr': 0.0013975459133850196}. Best is trial 34 with value: -1.4645668268203735.[0m
[32m[I 2023-04-13 22:42:58,467][0m Trial 314 finished with value: -1.2399104833602905 and parameters: {'z_dim': 51, 'hidden': 1.796927738985297, 'dropout': 0.8224892698039139, 'lr': 0.0006852855388977555}. Best is trial 34 with value: -1.4645668268203735.[0m
[32m[I 2023-04-13 22:43:56,487][0m Trial 316 finished with value: -1.2029094696044922 and parameters: {'z_dim': 361, 'hidden': 1.7280952484975858, 'dropout': 0.878546945645424, 'lr': 0.0007212932013732765}. Best is trial 34 with value: -1.4645668268203735.[0m
[32m[I 2023-04-13 22:43:57,098][0m Trial 313 finished with value: -1.3446091413497925 and parameters: {'z_dim': 50, 'hidden': 3.796248894809581, 'dropout': 0.7681648168385328, 'lr': 0.0010025551556999601}. Best is trial 34 with value: -1.4645668268203735.[0m
[32m[I 2023-04-13 22:45:11,993][0m Trial 315 finished with value: -1.2822608947753906 and parameters: {'z_dim': 135, 'hidden': 1.316575283736102, 'dropout': 0.6033331462330902, 'lr': 0.0010175605643622432}. Best is trial 34 with value: -1.4645668268203735.[0m
[32m[I 2023-04-13 22:45:39,371][0m Trial 318 finished with value: -1.3590112924575806 and parameters: {'z_dim': 234, 'hidden': 2.279317323891181, 'dropout': 0.5602083089925808, 'lr': 0.0007336636163478768}. Best is trial 34 with value: -1.4645668268203735.[0m
[32m[I 2023-04-13 22:45:56,498][0m Trial 312 finished with value: -1.3292489051818848 and parameters: {'z_dim': 51, 'hidden': 3.6948242388739434, 'dropout': 0.7860085822245754, 'lr': 0.0007118449546416742}. Best is trial 34 with value: -1.4645668268203735.[0m
[32m[I 2023-04-13 22:47:44,376][0m Trial 317 finished with value: -1.4041931629180908 and parameters: {'z_dim': 243, 'hidden': 3.6801666300985993, 'dropout': 0.8549914161231511, 'lr': 0.0007883419531055207}. Best is trial 34 with value: -1.4645668268203735.[0m
[32m[I 2023-04-13 22:48:00,373][0m Trial 323 finished with value: -1.1902178525924683 and parameters: {'z_dim': 132, 'hidden': 3.6945813680889645, 'dropout': 0.8429424327000031, 'lr': 0.0007858621297856734}. Best is trial 34 with value: -1.4645668268203735.[0m
[32m[I 2023-04-13 22:49:45,559][0m Trial 325 finished with value: -1.2412728071212769 and parameters: {'z_dim': 125, 'hidden': 3.6926261176978055, 'dropout': 0.8562830461493723, 'lr': 0.0008052018682559385}. Best is trial 34 with value: -1.4645668268203735.[0m
[32m[I 2023-04-13 22:50:50,329][0m Trial 322 finished with value: -1.378523588180542 and parameters: {'z_dim': 361, 'hidden': 1.6796522241936267, 'dropout': 0.6000925986546827, 'lr': 0.0007960061415811083}. Best is trial 34 with value: -1.4645668268203735.[0m
[32m[I 2023-04-13 22:53:10,283][0m Trial 326 finished with value: -1.3590203523635864 and parameters: {'z_dim': 127, 'hidden': 3.8592783480755752, 'dropout': 0.8512043187400324, 'lr': 0.0012400288602751497}. Best is trial 34 with value: -1.4645668268203735.[0m
[32m[I 2023-04-13 22:53:34,855][0m Trial 328 finished with value: -1.2265461683273315 and parameters: {'z_dim': 370, 'hidden': 3.6358600642023156, 'dropout': 0.8891161329649355, 'lr': 0.0008035011228017408}. Best is trial 34 with value: -1.4645668268203735.[0m
[32m[I 2023-04-13 22:55:10,422][0m Trial 324 finished with value: -1.3652490377426147 and parameters: {'z_dim': 1472, 'hidden': 3.6311554887903563, 'dropout': 0.8133053808447747, 'lr': 0.0008027187230464824}. Best is trial 34 with value: -1.4645668268203735.[0m
[32m[I 2023-04-13 22:55:11,032][0m Trial 329 finished with value: -1.3129851818084717 and parameters: {'z_dim': 250, 'hidden': 3.602357154785546, 'dropout': 0.8795648462858305, 'lr': 0.0008237265825884458}. Best is trial 34 with value: -1.4645668268203735.[0m
[32m[I 2023-04-13 22:56:31,265][0m Trial 330 finished with value: -1.287729263305664 and parameters: {'z_dim': 248, 'hidden': 3.8726186893660284, 'dropout': 0.8690290775742433, 'lr': 0.0011538193667664336}. Best is trial 34 with value: -1.4645668268203735.[0m
[32m[I 2023-04-13 22:57:54,416][0m Trial 319 finished with value: -1.1330560445785522 and parameters: {'z_dim': 351, 'hidden': 1.1449561804732746, 'dropout': 0.6979604781937474, 'lr': 0.0007461484483925991}. Best is trial 34 with value: -1.4645668268203735.[0m
[32m[I 2023-04-13 22:58:41,474][0m Trial 332 finished with value: -1.1469528675079346 and parameters: {'z_dim': 245, 'hidden': 3.6309173303446283, 'dropout': 0.8195982843907337, 'lr': 0.0005420733856933553}. Best is trial 34 with value: -1.4645668268203735.[0m
[32m[I 2023-04-13 22:58:52,072][0m Trial 327 finished with value: -1.3683757781982422 and parameters: {'z_dim': 120, 'hidden': 1.9077460313416879, 'dropout': 0.7347233758581988, 'lr': 0.001199148551605347}. Best is trial 34 with value: -1.4645668268203735.[0m
[32m[I 2023-04-13 22:59:34,577][0m Trial 331 finished with value: -1.3658348321914673 and parameters: {'z_dim': 246, 'hidden': 3.8738427016574755, 'dropout': 0.8287069222774768, 'lr': 0.00116071189212106}. Best is trial 34 with value: -1.4645668268203735.[0m
[32m[I 2023-04-13 23:00:24,106][0m Trial 321 finished with value: -1.4131031036376953 and parameters: {'z_dim': 126, 'hidden': 3.944605617919188, 'dropout': 0.8493003698025536, 'lr': 0.0007534701731437277}. Best is trial 34 with value: -1.4645668268203735.[0m
