[32m[I 2023-04-13 18:09:39,075][0m A new study created in RDB with name: T_N_G_Mtot[0m
[32m[I 2023-04-13 18:10:35,223][0m Trial 1 finished with value: 1.4235053062438965 and parameters: {'z_dim': 143, 'hidden': 3.1470368364338848, 'dropout': 0.5318009638704755, 'lr': 0.0055110913740831135}. Best is trial 1 with value: 1.4235053062438965.[0m
[32m[I 2023-04-13 18:12:07,958][0m Trial 8 finished with value: 0.9778334498405457 and parameters: {'z_dim': 798, 'hidden': 3.649202922449503, 'dropout': 0.11553107771160064, 'lr': 0.008716202252886449}. Best is trial 8 with value: 0.9778334498405457.[0m
[32m[I 2023-04-13 18:15:41,245][0m Trial 4 finished with value: -0.9483861327171326 and parameters: {'z_dim': 1664, 'hidden': 1.3237168880367707, 'dropout': 0.6017284378010989, 'lr': 8.95482757450403e-05}. Best is trial 4 with value: -0.9483861327171326.[0m
[32m[I 2023-04-13 18:16:08,657][0m Trial 9 finished with value: -1.2752370834350586 and parameters: {'z_dim': 654, 'hidden': 2.152027018531525, 'dropout': 0.15278583288938377, 'lr': 0.0014035788929777132}. Best is trial 9 with value: -1.2752370834350586.[0m
[32m[I 2023-04-13 18:18:30,537][0m Trial 10 finished with value: -1.1542364358901978 and parameters: {'z_dim': 817, 'hidden': 2.8470189773990167, 'dropout': 0.35536201493906827, 'lr': 8.23265942741676e-05}. Best is trial 9 with value: -1.2752370834350586.[0m
[32m[I 2023-04-13 18:18:59,874][0m Trial 2 finished with value: -1.0086307525634766 and parameters: {'z_dim': 963, 'hidden': 3.2724239229513628, 'dropout': 0.6592198644073418, 'lr': 2.7277953844599686e-05}. Best is trial 9 with value: -1.2752370834350586.[0m
[32m[I 2023-04-13 18:19:31,817][0m Trial 6 finished with value: -1.1968319416046143 and parameters: {'z_dim': 1136, 'hidden': 0.5704354409225998, 'dropout': 0.4680845152805072, 'lr': 0.00010644163195446789}. Best is trial 9 with value: -1.2752370834350586.[0m
[32m[I 2023-04-13 18:20:53,159][0m Trial 0 finished with value: -1.063680648803711 and parameters: {'z_dim': 1048, 'hidden': 3.5391072635904677, 'dropout': 0.5240043026682926, 'lr': 0.004160990636857177}. Best is trial 9 with value: -1.2752370834350586.[0m
[32m[I 2023-04-13 18:21:40,814][0m Trial 11 finished with value: -1.2009915113449097 and parameters: {'z_dim': 1057, 'hidden': 2.1996182212081656, 'dropout': 0.7763617433990736, 'lr': 5.357489532886377e-05}. Best is trial 9 with value: -1.2752370834350586.[0m
[32m[I 2023-04-13 18:22:43,681][0m Trial 12 finished with value: -1.2627710103988647 and parameters: {'z_dim': 1532, 'hidden': 1.9359787737476963, 'dropout': 0.3299506467432278, 'lr': 0.0005470110090478055}. Best is trial 9 with value: -1.2752370834350586.[0m
[32m[I 2023-04-13 18:23:10,126][0m Trial 17 finished with value: 1.4557684659957886 and parameters: {'z_dim': 1683, 'hidden': 1.3394300784236561, 'dropout': 0.2102438246350066, 'lr': 0.008265333066079792}. Best is trial 9 with value: -1.2752370834350586.[0m
[32m[I 2023-04-13 18:24:35,437][0m Trial 13 finished with value: -1.3216490745544434 and parameters: {'z_dim': 868, 'hidden': 3.777382485340851, 'dropout': 0.36367164964520804, 'lr': 0.0010977582907398004}. Best is trial 13 with value: -1.3216490745544434.[0m
[32m[I 2023-04-13 18:24:51,396][0m Trial 14 finished with value: -1.3375051021575928 and parameters: {'z_dim': 261, 'hidden': 1.7708062987878936, 'dropout': 0.21600436113721885, 'lr': 0.0003578285248278469}. Best is trial 14 with value: -1.3375051021575928.[0m
[32m[I 2023-04-13 18:25:20,072][0m Trial 15 finished with value: -1.160234808921814 and parameters: {'z_dim': 1182, 'hidden': 2.991869822215728, 'dropout': 0.20034869563216873, 'lr': 0.0002855909421414077}. Best is trial 14 with value: -1.3375051021575928.[0m
[32m[I 2023-04-13 18:28:08,184][0m Trial 19 finished with value: -1.1891447305679321 and parameters: {'z_dim': 78, 'hidden': 1.6494454320924317, 'dropout': 0.18480166875691514, 'lr': 0.0036639720846832475}. Best is trial 14 with value: -1.3375051021575928.[0m
[32m[I 2023-04-13 18:29:11,276][0m Trial 18 finished with value: -1.260484218597412 and parameters: {'z_dim': 114, 'hidden': 3.5548728267923586, 'dropout': 0.5836917805015055, 'lr': 0.00013176887409642042}. Best is trial 14 with value: -1.3375051021575928.[0m
[32m[I 2023-04-13 18:30:21,043][0m Trial 7 finished with value: -1.3992067575454712 and parameters: {'z_dim': 832, 'hidden': 2.3705171810891557, 'dropout': 0.3062242174087004, 'lr': 0.0019026372618812246}. Best is trial 7 with value: -1.3992067575454712.[0m
[32m[I 2023-04-13 18:30:45,711][0m Trial 22 finished with value: -0.5777847766876221 and parameters: {'z_dim': 1816, 'hidden': 3.005159630367955, 'dropout': 0.6851415985791864, 'lr': 1.970282158306484e-05}. Best is trial 7 with value: -1.3992067575454712.[0m
[32m[I 2023-04-13 18:30:59,704][0m Trial 21 finished with value: -0.9351102709770203 and parameters: {'z_dim': 964, 'hidden': 1.114586642048458, 'dropout': 0.7581083877472767, 'lr': 4.8677768026494095e-05}. Best is trial 7 with value: -1.3992067575454712.[0m
[32m[I 2023-04-13 18:31:07,643][0m Trial 23 finished with value: -1.1198991537094116 and parameters: {'z_dim': 1208, 'hidden': 0.8908081890627417, 'dropout': 0.5668274186565073, 'lr': 0.00035181923037517604}. Best is trial 7 with value: -1.3992067575454712.[0m
[32m[I 2023-04-13 18:33:46,510][0m Trial 20 finished with value: -0.9482526183128357 and parameters: {'z_dim': 1887, 'hidden': 0.6168519500982094, 'dropout': 0.4587542946654477, 'lr': 5.4132663387534056e-05}. Best is trial 7 with value: -1.3992067575454712.[0m
[32m[I 2023-04-13 18:33:47,829][0m Trial 28 finished with value: 0.9903038740158081 and parameters: {'z_dim': 1625, 'hidden': 2.915194104589415, 'dropout': 0.89980305509354, 'lr': 0.006669389441835399}. Best is trial 7 with value: -1.3992067575454712.[0m
[32m[I 2023-04-13 18:33:54,524][0m Trial 25 finished with value: -0.8501424789428711 and parameters: {'z_dim': 955, 'hidden': 2.4805122131168775, 'dropout': 0.6387219079513763, 'lr': 0.0008977653395258645}. Best is trial 7 with value: -1.3992067575454712.[0m
[32m[I 2023-04-13 18:35:52,419][0m Trial 24 finished with value: -1.2847896814346313 and parameters: {'z_dim': 885, 'hidden': 1.301155519600508, 'dropout': 0.8186429507278219, 'lr': 0.0009338815270213462}. Best is trial 7 with value: -1.3992067575454712.[0m
[32m[I 2023-04-13 18:36:31,062][0m Trial 16 finished with value: -1.0776528120040894 and parameters: {'z_dim': 1973, 'hidden': 1.1028396217241845, 'dropout': 0.4952500277220392, 'lr': 1.3282235776139253e-05}. Best is trial 7 with value: -1.3992067575454712.[0m
[32m[I 2023-04-13 18:37:35,334][0m Trial 27 finished with value: -1.0573359727859497 and parameters: {'z_dim': 1965, 'hidden': 2.747177480048085, 'dropout': 0.8367507377440874, 'lr': 0.00013198831509058439}. Best is trial 7 with value: -1.3992067575454712.[0m
[32m[I 2023-04-13 18:38:00,453][0m Trial 29 finished with value: -1.2655037641525269 and parameters: {'z_dim': 410, 'hidden': 2.591470305424047, 'dropout': 0.30271763414089625, 'lr': 0.0017926781728345063}. Best is trial 7 with value: -1.3992067575454712.[0m
[32m[I 2023-04-13 18:39:05,361][0m Trial 5 finished with value: -1.3763930797576904 and parameters: {'z_dim': 221, 'hidden': 0.3211016110127598, 'dropout': 0.28152188084095786, 'lr': 0.0017561041016829642}. Best is trial 7 with value: -1.3992067575454712.[0m
[32m[I 2023-04-13 18:39:51,229][0m Trial 31 finished with value: -1.2596927881240845 and parameters: {'z_dim': 449, 'hidden': 2.5243569931214824, 'dropout': 0.30115483940185467, 'lr': 0.001357970009458173}. Best is trial 7 with value: -1.3992067575454712.[0m
[32m[I 2023-04-13 18:40:07,878][0m Trial 36 finished with value: 0.2197936773300171 and parameters: {'z_dim': 425, 'hidden': 3.9138858322955836, 'dropout': 0.3967475011192121, 'lr': 0.0025013321703401836}. Best is trial 7 with value: -1.3992067575454712.[0m
[32m[I 2023-04-13 18:40:25,376][0m Trial 32 finished with value: -1.1653294563293457 and parameters: {'z_dim': 439, 'hidden': 3.933441094898909, 'dropout': 0.33011692230823586, 'lr': 0.0019895491166345906}. Best is trial 7 with value: -1.3992067575454712.[0m
[32m[I 2023-04-13 18:41:21,266][0m Trial 26 finished with value: -0.6897029280662537 and parameters: {'z_dim': 1337, 'hidden': 1.3987152765003874, 'dropout': 0.1875999758208632, 'lr': 0.00010696988169949927}. Best is trial 7 with value: -1.3992067575454712.[0m
[32m[I 2023-04-13 18:42:57,966][0m Trial 33 finished with value: -1.2980719804763794 and parameters: {'z_dim': 409, 'hidden': 2.4621491324851954, 'dropout': 0.29814882570709866, 'lr': 0.0022718177707592964}. Best is trial 7 with value: -1.3992067575454712.[0m
[32m[I 2023-04-13 18:43:14,129][0m Trial 35 finished with value: -1.2315852642059326 and parameters: {'z_dim': 477, 'hidden': 3.8309810490824643, 'dropout': 0.2979336246568901, 'lr': 0.0013932280511360566}. Best is trial 7 with value: -1.3992067575454712.[0m
[32m[I 2023-04-13 18:45:45,244][0m Trial 38 finished with value: -1.2575572729110718 and parameters: {'z_dim': 313, 'hidden': 0.25101410577803995, 'dropout': 0.24806333084293908, 'lr': 0.003316026151552144}. Best is trial 7 with value: -1.3992067575454712.[0m
[32m[I 2023-04-13 18:45:52,667][0m Trial 40 finished with value: -1.2512857913970947 and parameters: {'z_dim': 266, 'hidden': 1.7693291983471457, 'dropout': 0.25291095042435885, 'lr': 0.0005168024174080038}. Best is trial 7 with value: -1.3992067575454712.[0m
[32m[I 2023-04-13 18:45:52,797][0m Trial 30 finished with value: -1.4140970706939697 and parameters: {'z_dim': 418, 'hidden': 2.519930118098538, 'dropout': 0.31073239000437214, 'lr': 0.001134134438222213}. Best is trial 30 with value: -1.4140970706939697.[0m
[32m[I 2023-04-13 18:46:32,665][0m Trial 43 finished with value: -0.23820388317108154 and parameters: {'z_dim': 245, 'hidden': 3.237139018075081, 'dropout': 0.24359663122005923, 'lr': 0.00373612645294401}. Best is trial 30 with value: -1.4140970706939697.[0m
[32m[I 2023-04-13 18:48:34,207][0m Trial 39 finished with value: -1.342484712600708 and parameters: {'z_dim': 270, 'hidden': 0.372262858269226, 'dropout': 0.2536784642975043, 'lr': 0.003027241426067904}. Best is trial 30 with value: -1.4140970706939697.[0m
[32m[I 2023-04-13 18:49:17,076][0m Trial 34 finished with value: -1.4645668268203735 and parameters: {'z_dim': 394, 'hidden': 3.8768478563355666, 'dropout': 0.2948548395322006, 'lr': 0.0026081147743355873}. Best is trial 34 with value: -1.4645668268203735.[0m
[32m[I 2023-04-13 18:50:30,058][0m Trial 41 finished with value: -1.1295926570892334 and parameters: {'z_dim': 263, 'hidden': 0.2632345679637152, 'dropout': 0.25578826615064243, 'lr': 0.0034630653476155765}. Best is trial 34 with value: -1.4645668268203735.[0m
[32m[I 2023-04-13 18:52:19,963][0m Trial 44 finished with value: -1.275783658027649 and parameters: {'z_dim': 224, 'hidden': 3.2451112816529264, 'dropout': 0.3984755300489365, 'lr': 0.0005808135706939697}. Best is trial 34 with value: -1.4645668268203735.[0m
[32m[I 2023-04-13 18:52:33,363][0m Trial 49 finished with value: 0.6020689010620117 and parameters: {'z_dim': 618, 'hidden': 2.05503259378069, 'dropout': 0.4446323356187635, 'lr': 0.005660275792178801}. Best is trial 34 with value: -1.4645668268203735.[0m
[32m[I 2023-04-13 18:53:00,176][0m Trial 42 finished with value: -1.3438844680786133 and parameters: {'z_dim': 619, 'hidden': 0.32693362271147575, 'dropout': 0.25137943223261516, 'lr': 0.0005277212837014639}. Best is trial 34 with value: -1.4645668268203735.[0m
[32m[I 2023-04-13 18:53:11,483][0m Trial 47 finished with value: -1.2370145320892334 and parameters: {'z_dim': 647, 'hidden': 2.238978275163455, 'dropout': 0.10584875703637042, 'lr': 0.0006448557580103499}. Best is trial 34 with value: -1.4645668268203735.[0m
[32m[I 2023-04-13 18:54:22,415][0m Trial 45 finished with value: -1.312254548072815 and parameters: {'z_dim': 674, 'hidden': 3.2840269859986835, 'dropout': 0.4155555626624207, 'lr': 0.00025248991283670103}. Best is trial 34 with value: -1.4645668268203735.[0m
[32m[I 2023-04-13 18:54:38,289][0m Trial 51 finished with value: 0.8512664437294006 and parameters: {'z_dim': 654, 'hidden': 0.7278376699342357, 'dropout': 0.10211060324970209, 'lr': 0.005976928545592742}. Best is trial 34 with value: -1.4645668268203735.[0m
[32m[I 2023-04-13 18:55:14,762][0m Trial 48 finished with value: -0.9963462948799133 and parameters: {'z_dim': 666, 'hidden': 0.3145653621337694, 'dropout': 0.4400693307120823, 'lr': 0.005198043941534243}. Best is trial 34 with value: -1.4645668268203735.[0m
[32m[I 2023-04-13 18:56:24,623][0m Trial 52 finished with value: 0.35077154636383057 and parameters: {'z_dim': 622, 'hidden': 0.5323271943792436, 'dropout': 0.11506929860066697, 'lr': 0.004903912886946723}. Best is trial 34 with value: -1.4645668268203735.[0m
[32m[I 2023-04-13 18:57:50,154][0m Trial 53 finished with value: -1.1300443410873413 and parameters: {'z_dim': 668, 'hidden': 2.2671872410629472, 'dropout': 0.4177285392302694, 'lr': 0.0007221541782535789}. Best is trial 34 with value: -1.4645668268203735.[0m
[32m[I 2023-04-13 18:58:40,134][0m Trial 46 finished with value: -1.36223566532135 and parameters: {'z_dim': 671, 'hidden': 2.265461790700774, 'dropout': 0.4336422286778683, 'lr': 0.00024811267480952503}. Best is trial 34 with value: -1.4645668268203735.[0m
[32m[I 2023-04-13 19:00:02,682][0m Trial 54 finished with value: -1.1572977304458618 and parameters: {'z_dim': 575, 'hidden': 0.6461782618000016, 'dropout': 0.3978862473509639, 'lr': 0.00023203236002800648}. Best is trial 34 with value: -1.4645668268203735.[0m
[32m[I 2023-04-13 19:01:13,655][0m Trial 55 finished with value: -1.3002630472183228 and parameters: {'z_dim': 561, 'hidden': 0.7009416381181328, 'dropout': 0.15724352248738335, 'lr': 0.0007701681990507245}. Best is trial 34 with value: -1.4645668268203735.[0m
[32m[I 2023-04-13 19:01:45,498][0m Trial 56 finished with value: -1.3104534149169922 and parameters: {'z_dim': 555, 'hidden': 0.49044595843756644, 'dropout': 0.16031965227766498, 'lr': 0.0007534504526167081}. Best is trial 34 with value: -1.4645668268203735.[0m
[32m[I 2023-04-13 19:02:50,403][0m Trial 58 finished with value: -1.1194790601730347 and parameters: {'z_dim': 519, 'hidden': 0.8623070562156292, 'dropout': 0.35687941614453383, 'lr': 0.0007846651813488546}. Best is trial 34 with value: -1.4645668268203735.[0m
[32m[I 2023-04-13 19:03:29,330][0m Trial 57 finished with value: -1.3167973756790161 and parameters: {'z_dim': 557, 'hidden': 3.4503134188665308, 'dropout': 0.15943605094394758, 'lr': 0.0016439625339945611}. Best is trial 34 with value: -1.4645668268203735.[0m
[32m[I 2023-04-13 19:04:50,454][0m Trial 59 finished with value: -1.2662590742111206 and parameters: {'z_dim': 752, 'hidden': 0.8692306595068104, 'dropout': 0.3659406489902548, 'lr': 0.0016169591588818175}. Best is trial 34 with value: -1.4645668268203735.[0m
[32m[I 2023-04-13 19:05:25,593][0m Trial 50 finished with value: -1.155493974685669 and parameters: {'z_dim': 585, 'hidden': 3.3964400531775416, 'dropout': 0.41682717399554137, 'lr': 0.00525768134339387}. Best is trial 34 with value: -1.4645668268203735.[0m
[32m[I 2023-04-13 19:05:53,687][0m Trial 61 finished with value: -1.1702972650527954 and parameters: {'z_dim': 753, 'hidden': 2.013544197650959, 'dropout': 0.35765008052117153, 'lr': 0.0004294965188734247}. Best is trial 34 with value: -1.4645668268203735.[0m
[32m[I 2023-04-13 19:07:05,178][0m Trial 63 finished with value: -1.3417240381240845 and parameters: {'z_dim': 166, 'hidden': 1.9657938418619207, 'dropout': 0.5064257507624277, 'lr': 0.000430515980859075}. Best is trial 34 with value: -1.4645668268203735.[0m
[32m[I 2023-04-13 19:07:26,318][0m Trial 62 finished with value: -1.149333119392395 and parameters: {'z_dim': 780, 'hidden': 1.989780580515912, 'dropout': 0.35635137016693597, 'lr': 0.0001967919275764951}. Best is trial 34 with value: -1.4645668268203735.[0m
[32m[I 2023-04-13 19:10:01,478][0m Trial 37 finished with value: -1.3568371534347534 and parameters: {'z_dim': 370, 'hidden': 1.8934856669912146, 'dropout': 0.263838234602164, 'lr': 0.002405941905995883}. Best is trial 34 with value: -1.4645668268203735.[0m
[32m[I 2023-04-13 19:10:09,450][0m Trial 69 finished with value: -0.47313082218170166 and parameters: {'z_dim': 849, 'hidden': 2.3674085599356958, 'dropout': 0.3346730634990641, 'lr': 0.0012189009326398724}. Best is trial 34 with value: -1.4645668268203735.[0m
[32m[I 2023-04-13 19:10:19,403][0m Trial 60 finished with value: -1.327803373336792 and parameters: {'z_dim': 772, 'hidden': 1.9350265985101323, 'dropout': 0.3501960885186327, 'lr': 0.00022022420917084095}. Best is trial 34 with value: -1.4645668268203735.[0m
[32m[I 2023-04-13 19:10:43,067][0m Trial 64 finished with value: -1.2801175117492676 and parameters: {'z_dim': 773, 'hidden': 2.03448091809169, 'dropout': 0.4940798879986378, 'lr': 0.0004493435113884226}. Best is trial 34 with value: -1.4645668268203735.[0m
[32m[I 2023-04-13 19:12:00,919][0m Trial 66 finished with value: -1.2316460609436035 and parameters: {'z_dim': 772, 'hidden': 1.977935419716618, 'dropout': 0.5185064680344369, 'lr': 0.00018668672610836488}. Best is trial 34 with value: -1.4645668268203735.[0m
[32m[I 2023-04-13 19:12:52,849][0m Trial 65 finished with value: -1.2993451356887817 and parameters: {'z_dim': 772, 'hidden': 1.9610616008339155, 'dropout': 0.49940733710725355, 'lr': 0.0004819984381479024}. Best is trial 34 with value: -1.4645668268203735.[0m
[32m[I 2023-04-13 19:13:43,786][0m Trial 68 finished with value: -1.3389296531677246 and parameters: {'z_dim': 353, 'hidden': 1.8607764324900684, 'dropout': 0.49763854493757126, 'lr': 0.0010696964025826657}. Best is trial 34 with value: -1.4645668268203735.[0m
[32m[I 2023-04-13 19:16:13,586][0m Trial 67 finished with value: -1.2480292320251465 and parameters: {'z_dim': 155, 'hidden': 2.7430203120276273, 'dropout': 0.5031432172738495, 'lr': 0.0011371163838620238}. Best is trial 34 with value: -1.4645668268203735.[0m
[32m[I 2023-04-13 19:16:53,036][0m Trial 72 finished with value: -1.3209614753723145 and parameters: {'z_dim': 179, 'hidden': 2.682723791346427, 'dropout': 0.22318579216579076, 'lr': 0.002617882579313185}. Best is trial 34 with value: -1.4645668268203735.[0m
[32m[I 2023-04-13 19:17:07,199][0m Trial 70 finished with value: -1.4175541400909424 and parameters: {'z_dim': 355, 'hidden': 1.5521541948965982, 'dropout': 0.278291453754483, 'lr': 0.0010605674925463226}. Best is trial 34 with value: -1.4645668268203735.[0m
[32m[I 2023-04-13 19:17:52,584][0m Trial 77 finished with value: -0.8607010245323181 and parameters: {'z_dim': 347, 'hidden': 2.7392628972584596, 'dropout': 0.22216983560756323, 'lr': 0.002751585827968934}. Best is trial 34 with value: -1.4645668268203735.[0m
[32m[I 2023-04-13 19:17:58,442][0m Trial 73 finished with value: -1.231851577758789 and parameters: {'z_dim': 380, 'hidden': 2.6915267790011166, 'dropout': 0.27487714864818746, 'lr': 0.0010673787254961715}. Best is trial 34 with value: -1.4645668268203735.[0m
[32m[I 2023-04-13 19:18:22,407][0m Trial 75 finished with value: -1.2739923000335693 and parameters: {'z_dim': 365, 'hidden': 2.756642187307249, 'dropout': 0.22445430853536885, 'lr': 0.0010171367384296994}. Best is trial 34 with value: -1.4645668268203735.[0m
[32m[I 2023-04-13 19:18:46,239][0m Trial 74 finished with value: -1.3471128940582275 and parameters: {'z_dim': 367, 'hidden': 2.727183025156903, 'dropout': 0.2886545563207137, 'lr': 0.0010711713711265443}. Best is trial 34 with value: -1.4645668268203735.[0m
[32m[I 2023-04-13 19:18:47,360][0m Trial 3 finished with value: -1.2413979768753052 and parameters: {'z_dim': 1208, 'hidden': 2.818256677932407, 'dropout': 0.2011981209456428, 'lr': 0.00026512023994990737}. Best is trial 34 with value: -1.4645668268203735.[0m
[32m[I 2023-04-13 19:19:27,681][0m Trial 76 finished with value: -1.3305160999298096 and parameters: {'z_dim': 349, 'hidden': 1.592344538045198, 'dropout': 0.22103948104121882, 'lr': 0.0010750439105233426}. Best is trial 34 with value: -1.4645668268203735.[0m
[32m[I 2023-04-13 19:21:53,579][0m Trial 80 finished with value: -1.3224929571151733 and parameters: {'z_dim': 53, 'hidden': 1.574277668314831, 'dropout': 0.2772191577601111, 'lr': 0.0018400804363654486}. Best is trial 34 with value: -1.4645668268203735.[0m
[32m[I 2023-04-13 19:23:07,330][0m Trial 81 finished with value: -1.2702109813690186 and parameters: {'z_dim': 491, 'hidden': 1.7367698490784058, 'dropout': 0.31428435999995535, 'lr': 0.0021076496931106445}. Best is trial 34 with value: -1.4645668268203735.[0m
[32m[I 2023-04-13 19:24:02,152][0m Trial 79 finished with value: -1.3432773351669312 and parameters: {'z_dim': 362, 'hidden': 1.64040603066386, 'dropout': 0.2770721282061669, 'lr': 0.002062738669731598}. Best is trial 34 with value: -1.4645668268203735.[0m
[32m[I 2023-04-13 19:24:11,789][0m Trial 84 finished with value: -1.2292001247406006 and parameters: {'z_dim': 76, 'hidden': 1.6803574669118786, 'dropout': 0.2832603830377469, 'lr': 0.0018248556422166514}. Best is trial 34 with value: -1.4645668268203735.[0m
[32m[I 2023-04-13 19:24:57,209][0m Trial 83 finished with value: -1.3423017263412476 and parameters: {'z_dim': 52, 'hidden': 1.5324835121006855, 'dropout': 0.2789275794410355, 'lr': 0.0022997223022737834}. Best is trial 34 with value: -1.4645668268203735.[0m
[32m[I 2023-04-13 19:25:02,419][0m Trial 88 finished with value: 0.8622778654098511 and parameters: {'z_dim': 1023, 'hidden': 2.152318544236758, 'dropout': 0.27388736764722516, 'lr': 0.004289992409048391}. Best is trial 34 with value: -1.4645668268203735.[0m
