[32m[I 2023-04-13 19:26:17,321][0m Trial 86 finished with value: -1.3666086196899414 and parameters: {'z_dim': 63, 'hidden': 2.382857737039653, 'dropout': 0.28191429151609165, 'lr': 0.0021250573791628882}. Best is trial 34 with value: -1.4645668268203735.[0m
[32m[I 2023-04-13 19:26:45,141][0m Trial 82 finished with value: -1.2588834762573242 and parameters: {'z_dim': 508, 'hidden': 1.5057950926387969, 'dropout': 0.1838129036772322, 'lr': 0.0018263811497019982}. Best is trial 34 with value: -1.4645668268203735.[0m
[32m[I 2023-04-13 19:26:46,889][0m Trial 87 finished with value: -1.207906723022461 and parameters: {'z_dim': 498, 'hidden': 2.3611504857769825, 'dropout': 0.3122219133256474, 'lr': 0.0020842532994051225}. Best is trial 34 with value: -1.4645668268203735.[0m
[32m[I 2023-04-13 19:28:02,381][0m Trial 78 finished with value: -1.3382375240325928 and parameters: {'z_dim': 54, 'hidden': 1.5257791248389134, 'dropout': 0.21227003920774057, 'lr': 0.0026764094752848343}. Best is trial 34 with value: -1.4645668268203735.[0m
[32m[I 2023-04-13 19:29:08,847][0m Trial 91 finished with value: -0.910580575466156 and parameters: {'z_dim': 1084, 'hidden': 2.3518022578508604, 'dropout': 0.3187358146339122, 'lr': 0.0014575476565786161}. Best is trial 34 with value: -1.4645668268203735.[0m
[32m[I 2023-04-13 19:31:01,251][0m Trial 92 finished with value: -1.2161405086517334 and parameters: {'z_dim': 295, 'hidden': 2.3745809139074243, 'dropout': 0.1896774093662379, 'lr': 0.0012708574968703598}. Best is trial 34 with value: -1.4645668268203735.[0m
[32m[I 2023-04-13 19:31:10,066][0m Trial 71 finished with value: -1.2013413906097412 and parameters: {'z_dim': 360, 'hidden': 2.359896371341207, 'dropout': 0.22673582188420605, 'lr': 0.0011260895099721594}. Best is trial 34 with value: -1.4645668268203735.[0m
[32m[I 2023-04-13 19:32:27,427][0m Trial 89 finished with value: -1.3493903875350952 and parameters: {'z_dim': 304, 'hidden': 2.3827723289868086, 'dropout': 0.31642608733931343, 'lr': 0.00427405222955096}. Best is trial 34 with value: -1.4645668268203735.[0m
[32m[I 2023-04-13 19:33:05,380][0m Trial 90 finished with value: -1.3640216588974 and parameters: {'z_dim': 454, 'hidden': 2.3615718540067534, 'dropout': 0.31682569055200194, 'lr': 0.0013275873413812881}. Best is trial 34 with value: -1.4645668268203735.[0m
[32m[I 2023-04-13 19:34:14,579][0m Trial 95 finished with value: -1.3316093683242798 and parameters: {'z_dim': 197, 'hidden': 2.580610805879623, 'dropout': 0.3222859027932251, 'lr': 0.0014116311411284483}. Best is trial 34 with value: -1.4645668268203735.[0m
[32m[I 2023-04-13 19:34:30,391][0m Trial 97 finished with value: -1.2986890077590942 and parameters: {'z_dim': 200, 'hidden': 2.5745584302671762, 'dropout': 0.3750814187184641, 'lr': 0.0003193716183182102}. Best is trial 34 with value: -1.4645668268203735.[0m
[32m[I 2023-04-13 19:35:16,665][0m Trial 93 finished with value: -1.4056304693222046 and parameters: {'z_dim': 223, 'hidden': 2.327687660803946, 'dropout': 0.3211145973066645, 'lr': 0.001460984930289223}. Best is trial 34 with value: -1.4645668268203735.[0m
[32m[I 2023-04-13 19:36:12,091][0m Trial 98 finished with value: -1.1296266317367554 and parameters: {'z_dim': 212, 'hidden': 2.601516609861748, 'dropout': 0.33499717449385463, 'lr': 0.00031774741252647647}. Best is trial 34 with value: -1.4645668268203735.[0m
[32m[I 2023-04-13 19:36:29,084][0m Trial 94 finished with value: -1.3574763536453247 and parameters: {'z_dim': 213, 'hidden': 2.412938682659555, 'dropout': 0.3228822709121568, 'lr': 0.0013299430927689504}. Best is trial 34 with value: -1.4645668268203735.[0m
[32m[I 2023-04-13 19:36:35,243][0m Trial 101 finished with value: 0.3670384883880615 and parameters: {'z_dim': 199, 'hidden': 2.5749053272652755, 'dropout': 0.3748853197314436, 'lr': 0.007503345165482192}. Best is trial 34 with value: -1.4645668268203735.[0m
[32m[I 2023-04-13 19:37:21,372][0m Trial 100 finished with value: -1.1781419515609741 and parameters: {'z_dim': 229, 'hidden': 2.545267546141534, 'dropout': 0.33573679892352837, 'lr': 0.004256108092553514}. Best is trial 34 with value: -1.4645668268203735.[0m
[32m[I 2023-04-13 19:39:07,635][0m Trial 104 finished with value: -1.1547738313674927 and parameters: {'z_dim': 121, 'hidden': 3.0357641829960786, 'dropout': 0.342172186122213, 'lr': 0.0016134452043270622}. Best is trial 34 with value: -1.4645668268203735.[0m
[32m[I 2023-04-13 19:39:48,832][0m Trial 102 finished with value: -1.167236089706421 and parameters: {'z_dim': 129, 'hidden': 2.2154726609161703, 'dropout': 0.3406031770788339, 'lr': 0.004211691187940539}. Best is trial 34 with value: -1.4645668268203735.[0m
[32m[I 2023-04-13 19:40:57,167][0m Trial 96 finished with value: -1.30177903175354 and parameters: {'z_dim': 220, 'hidden': 2.5666101914743606, 'dropout': 0.32978667755471364, 'lr': 0.0014692710884914462}. Best is trial 34 with value: -1.4645668268203735.[0m
[32m[I 2023-04-13 19:41:06,124][0m Trial 103 finished with value: 100000.0 and parameters: {'z_dim': 432, 'hidden': 1.1684340711433112, 'dropout': 0.3850317130147986, 'lr': 0.00889254739397938}. Best is trial 34 with value: -1.4645668268203735.[0m
[32m[I 2023-04-13 19:43:17,362][0m Trial 110 finished with value: -0.15270930528640747 and parameters: {'z_dim': 434, 'hidden': 2.1061363318650503, 'dropout': 0.302721269457458, 'lr': 0.0031301694767409786}. Best is trial 34 with value: -1.4645668268203735.[0m
[32m[I 2023-04-13 19:43:44,812][0m Trial 108 finished with value: -1.391310453414917 and parameters: {'z_dim': 131, 'hidden': 2.916034553049598, 'dropout': 0.38312134807595266, 'lr': 0.0009162701719597441}. Best is trial 34 with value: -1.4645668268203735.[0m
[32m[I 2023-04-13 19:43:45,246][0m Trial 107 finished with value: -1.319994330406189 and parameters: {'z_dim': 133, 'hidden': 3.050285516143923, 'dropout': 0.3379508521584235, 'lr': 0.0008787525740920016}. Best is trial 34 with value: -1.4645668268203735.[0m
[32m[I 2023-04-13 19:44:22,300][0m Trial 99 finished with value: 0.4315856695175171 and parameters: {'z_dim': 225, 'hidden': 2.5822080203459206, 'dropout': 0.3848231449224992, 'lr': 0.009487462392425627}. Best is trial 34 with value: -1.4645668268203735.[0m
[32m[I 2023-04-13 19:45:55,196][0m Trial 109 finished with value: -1.2912201881408691 and parameters: {'z_dim': 137, 'hidden': 2.11407825991376, 'dropout': 0.2992272699896352, 'lr': 0.0008794973029663366}. Best is trial 34 with value: -1.4645668268203735.[0m
[32m[I 2023-04-13 19:46:33,458][0m Trial 105 finished with value: -1.4564253091812134 and parameters: {'z_dim': 128, 'hidden': 2.1936434223567014, 'dropout': 0.5617349489617238, 'lr': 0.0009019245514414247}. Best is trial 34 with value: -1.4645668268203735.[0m
[32m[I 2023-04-13 19:47:06,757][0m Trial 106 finished with value: -1.3529677391052246 and parameters: {'z_dim': 98, 'hidden': 2.130435440179771, 'dropout': 0.3757707187566208, 'lr': 0.0016327687802814184}. Best is trial 34 with value: -1.4645668268203735.[0m
[32m[I 2023-04-13 19:47:56,814][0m Trial 113 finished with value: -1.2192758321762085 and parameters: {'z_dim': 303, 'hidden': 2.2797236846066378, 'dropout': 0.2629630506199867, 'lr': 0.0008716680953775696}. Best is trial 34 with value: -1.4645668268203735.[0m
[32m[I 2023-04-13 19:48:39,064][0m Trial 112 finished with value: -1.3295741081237793 and parameters: {'z_dim': 305, 'hidden': 2.085728205855724, 'dropout': 0.24154116162062586, 'lr': 0.0008889579713259122}. Best is trial 34 with value: -1.4645668268203735.[0m
[32m[I 2023-04-13 19:50:35,671][0m Trial 114 finished with value: -1.2566019296646118 and parameters: {'z_dim': 706, 'hidden': 2.874816490978665, 'dropout': 0.4298013554437874, 'lr': 0.0008281954150142405}. Best is trial 34 with value: -1.4645668268203735.[0m
[32m[I 2023-04-13 19:51:29,218][0m Trial 118 finished with value: -1.1955465078353882 and parameters: {'z_dim': 286, 'hidden': 3.694174023944794, 'dropout': 0.23818850054785182, 'lr': 0.0009040643219697884}. Best is trial 34 with value: -1.4645668268203735.[0m
[32m[I 2023-04-13 19:52:24,113][0m Trial 120 finished with value: -1.1666359901428223 and parameters: {'z_dim': 269, 'hidden': 2.8857822571653085, 'dropout': 0.6057242020583843, 'lr': 0.0006611556896594971}. Best is trial 34 with value: -1.4645668268203735.[0m
[32m[I 2023-04-13 19:53:01,266][0m Trial 121 finished with value: -0.9256151914596558 and parameters: {'z_dim': 715, 'hidden': 3.6735934337403435, 'dropout': 0.5684202390963611, 'lr': 0.0005763856225219403}. Best is trial 34 with value: -1.4645668268203735.[0m
[32m[I 2023-04-13 19:53:12,798][0m Trial 111 finished with value: -1.1787136793136597 and parameters: {'z_dim': 452, 'hidden': 1.1718023432751643, 'dropout': 0.24324164829242179, 'lr': 0.0008708043933254529}. Best is trial 34 with value: -1.4645668268203735.[0m
[32m[I 2023-04-13 19:53:18,022][0m Trial 115 finished with value: -1.324681282043457 and parameters: {'z_dim': 287, 'hidden': 3.6675827217168884, 'dropout': 0.2419592745235968, 'lr': 0.0006561441294591345}. Best is trial 34 with value: -1.4645668268203735.[0m
[32m[I 2023-04-13 19:53:26,777][0m Trial 117 finished with value: -1.2545044422149658 and parameters: {'z_dim': 916, 'hidden': 2.8560966803026635, 'dropout': 0.24293757826298573, 'lr': 0.0006709768820880503}. Best is trial 34 with value: -1.4645668268203735.[0m
[32m[I 2023-04-13 19:53:58,292][0m Trial 119 finished with value: -1.0488879680633545 and parameters: {'z_dim': 710, 'hidden': 3.6957831165071693, 'dropout': 0.5701788893465737, 'lr': 0.0005847123535883623}. Best is trial 34 with value: -1.4645668268203735.[0m
[32m[I 2023-04-13 19:56:33,784][0m Trial 128 finished with value: 0.02205038070678711 and parameters: {'z_dim': 1298, 'hidden': 2.44788052717068, 'dropout': 0.537033892003315, 'lr': 0.001282756179565405}. Best is trial 34 with value: -1.4645668268203735.[0m
[32m[I 2023-04-13 19:56:45,896][0m Trial 122 finished with value: -1.2766625881195068 and parameters: {'z_dim': 941, 'hidden': 3.731576603762574, 'dropout': 0.46990602340956267, 'lr': 0.0006581905834553257}. Best is trial 34 with value: -1.4645668268203735.[0m
[32m[I 2023-04-13 19:58:09,339][0m Trial 125 finished with value: -0.9852807521820068 and parameters: {'z_dim': 919, 'hidden': 2.4878362111214747, 'dropout': 0.5422176029173187, 'lr': 0.00016368406915356318}. Best is trial 34 with value: -1.4645668268203735.[0m
[32m[I 2023-04-13 19:58:53,686][0m Trial 123 finished with value: -1.236438274383545 and parameters: {'z_dim': 901, 'hidden': 2.4693598815933524, 'dropout': 0.5773900163856963, 'lr': 0.0006217977007907358}. Best is trial 34 with value: -1.4645668268203735.[0m
[32m[I 2023-04-13 20:00:21,273][0m Trial 131 finished with value: -0.7319164276123047 and parameters: {'z_dim': 405, 'hidden': 1.8597297597774398, 'dropout': 0.2609947836022368, 'lr': 0.0024242835134830366}. Best is trial 34 with value: -1.4645668268203735.[0m
[32m[I 2023-04-13 20:01:37,412][0m Trial 127 finished with value: -1.3307671546936035 and parameters: {'z_dim': 161, 'hidden': 2.4656406657158083, 'dropout': 0.5368681404400577, 'lr': 0.0012632886383666289}. Best is trial 34 with value: -1.4645668268203735.[0m
[32m[I 2023-04-13 20:03:22,332][0m Trial 124 finished with value: -1.4022623300552368 and parameters: {'z_dim': 160, 'hidden': 2.4558885977019718, 'dropout': 0.5456298841706644, 'lr': 0.0006051789900747286}. Best is trial 34 with value: -1.4645668268203735.[0m
[32m[I 2023-04-13 20:03:49,065][0m Trial 130 finished with value: -1.1957894563674927 and parameters: {'z_dim': 393, 'hidden': 1.8756132058483086, 'dropout': 0.2617757267961285, 'lr': 0.0024193322463453093}. Best is trial 34 with value: -1.4645668268203735.[0m
[32m[I 2023-04-13 20:04:36,804][0m Trial 133 finished with value: -1.2299002408981323 and parameters: {'z_dim': 395, 'hidden': 1.8542353941793586, 'dropout': 0.6898813805404587, 'lr': 0.0022910378015151937}. Best is trial 34 with value: -1.4645668268203735.[0m
[32m[I 2023-04-13 20:04:57,611][0m Trial 126 finished with value: -1.1062660217285156 and parameters: {'z_dim': 936, 'hidden': 2.464439894176991, 'dropout': 0.4559494740700664, 'lr': 0.0012677986886947706}. Best is trial 34 with value: -1.4645668268203735.[0m
[32m[I 2023-04-13 20:05:36,806][0m Trial 132 finished with value: -1.3760747909545898 and parameters: {'z_dim': 398, 'hidden': 2.2560178874044325, 'dropout': 0.2927171748974843, 'lr': 0.0024592569846564097}. Best is trial 34 with value: -1.4645668268203735.[0m
[32m[I 2023-04-13 20:05:52,656][0m Trial 129 finished with value: -1.3798553943634033 and parameters: {'z_dim': 97, 'hidden': 2.4535474060730182, 'dropout': 0.2932580559672558, 'lr': 0.0012804296539478618}. Best is trial 34 with value: -1.4645668268203735.[0m
[32m[I 2023-04-13 20:06:05,138][0m Trial 116 finished with value: -1.2520973682403564 and parameters: {'z_dim': 292, 'hidden': 2.4657063851671035, 'dropout': 0.47246631138873374, 'lr': 0.0006368190458453125}. Best is trial 34 with value: -1.4645668268203735.[0m
[32m[I 2023-04-13 20:07:50,685][0m Trial 134 finished with value: -1.3757647275924683 and parameters: {'z_dim': 165, 'hidden': 2.3031113650748796, 'dropout': 0.2936162234947901, 'lr': 0.002264577712868029}. Best is trial 34 with value: -1.4645668268203735.[0m
[32m[I 2023-04-13 20:09:05,835][0m Trial 136 finished with value: -1.2461127042770386 and parameters: {'z_dim': 82, 'hidden': 3.554416335355637, 'dropout': 0.5978726675850112, 'lr': 0.0015042518329889283}. Best is trial 34 with value: -1.4645668268203735.[0m
[32m[I 2023-04-13 20:09:14,028][0m Trial 85 finished with value: -1.3396855592727661 and parameters: {'z_dim': 55, 'hidden': 1.6165025833079667, 'dropout': 0.280071343263367, 'lr': 0.002060724758678855}. Best is trial 34 with value: -1.4645668268203735.[0m
[32m[I 2023-04-13 20:09:21,934][0m Trial 135 finished with value: -1.130695104598999 and parameters: {'z_dim': 826, 'hidden': 2.245338427244108, 'dropout': 0.2934200194956414, 'lr': 0.0034925474460000424}. Best is trial 34 with value: -1.4645668268203735.[0m
[32m[I 2023-04-13 20:12:08,596][0m Trial 138 finished with value: -1.2991145849227905 and parameters: {'z_dim': 822, 'hidden': 2.205814302370959, 'dropout': 0.6062462953877743, 'lr': 0.0014955152539619897}. Best is trial 34 with value: -1.4645668268203735.[0m
[32m[I 2023-04-13 20:12:40,289][0m Trial 137 finished with value: -1.380306363105774 and parameters: {'z_dim': 168, 'hidden': 2.251981110434834, 'dropout': 0.6055048336946797, 'lr': 0.0015730752343812516}. Best is trial 34 with value: -1.4645668268203735.[0m
[32m[I 2023-04-13 20:13:00,789][0m Trial 140 finished with value: -1.3085180521011353 and parameters: {'z_dim': 101, 'hidden': 2.2729712255342434, 'dropout': 0.6121523946683497, 'lr': 0.00291005940584585}. Best is trial 34 with value: -1.4645668268203735.[0m
[32m[I 2023-04-13 20:13:28,694][0m Trial 144 finished with value: -1.0546238422393799 and parameters: {'z_dim': 161, 'hidden': 2.2854484270067195, 'dropout': 0.3085529592278536, 'lr': 0.0028179162958927384}. Best is trial 34 with value: -1.4645668268203735.[0m
[32m[I 2023-04-13 20:15:31,756][0m Trial 139 finished with value: -1.2057936191558838 and parameters: {'z_dim': 173, 'hidden': 2.2977247068915947, 'dropout': 0.6158612456182344, 'lr': 0.00037082065132921436}. Best is trial 34 with value: -1.4645668268203735.[0m
[32m[I 2023-04-13 20:16:19,389][0m Trial 141 finished with value: -1.3905025720596313 and parameters: {'z_dim': 88, 'hidden': 2.274975391069157, 'dropout': 0.2878815653007959, 'lr': 0.002915700983253332}. Best is trial 34 with value: -1.4645668268203735.[0m
[32m[I 2023-04-13 20:16:55,332][0m Trial 146 finished with value: -1.2998237609863281 and parameters: {'z_dim': 98, 'hidden': 2.3115675871645975, 'dropout': 0.5515589641942057, 'lr': 0.0029343969289860527}. Best is trial 34 with value: -1.4645668268203735.[0m
[32m[I 2023-04-13 20:17:37,192][0m Trial 142 finished with value: -0.8090991377830505 and parameters: {'z_dim': 116, 'hidden': 2.2904555791568426, 'dropout': 0.5923883417432685, 'lr': 0.0029280116125794953}. Best is trial 34 with value: -1.4645668268203735.[0m
[32m[I 2023-04-13 20:17:44,058][0m Trial 150 finished with value: -1.1987524032592773 and parameters: {'z_dim': 169, 'hidden': 2.310823807711647, 'dropout': 0.2950431226246773, 'lr': 0.000985962461942324}. Best is trial 34 with value: -1.4645668268203735.[0m
[32m[I 2023-04-13 20:17:59,446][0m Trial 143 finished with value: -1.3671804666519165 and parameters: {'z_dim': 108, 'hidden': 2.313271491523665, 'dropout': 0.29163710555898065, 'lr': 0.0019615075072168145}. Best is trial 34 with value: -1.4645668268203735.[0m
[32m[I 2023-04-13 20:20:08,992][0m Trial 149 finished with value: -1.3830657005310059 and parameters: {'z_dim': 163, 'hidden': 2.175453593051844, 'dropout': 0.6471224389207813, 'lr': 0.0018339635954017662}. Best is trial 34 with value: -1.4645668268203735.[0m
[32m[I 2023-04-13 20:20:41,596][0m Trial 148 finished with value: -1.3542956113815308 and parameters: {'z_dim': 103, 'hidden': 2.2989929875347856, 'dropout': 0.6255769444646673, 'lr': 0.0018793990138350786}. Best is trial 34 with value: -1.4645668268203735.[0m
[32m[I 2023-04-13 20:21:22,142][0m Trial 147 finished with value: -1.4048384428024292 and parameters: {'z_dim': 103, 'hidden': 2.3187628344226225, 'dropout': 0.303579471701553, 'lr': 0.0030294402388972297}. Best is trial 34 with value: -1.4645668268203735.[0m
[32m[I 2023-04-13 20:22:40,257][0m Trial 156 finished with value: -1.192488193511963 and parameters: {'z_dim': 251, 'hidden': 2.6585674726936555, 'dropout': 0.653918968536687, 'lr': 0.001777634683018065}. Best is trial 34 with value: -1.4645668268203735.[0m
[32m[I 2023-04-13 20:23:17,545][0m Trial 152 finished with value: -1.1643974781036377 and parameters: {'z_dim': 112, 'hidden': 2.1857682060501036, 'dropout': 0.29467924683630015, 'lr': 0.0018295246230912042}. Best is trial 34 with value: -1.4645668268203735.[0m
[32m[I 2023-04-13 20:23:30,541][0m Trial 153 finished with value: -1.172492265701294 and parameters: {'z_dim': 250, 'hidden': 2.139802214050117, 'dropout': 0.6425163681444771, 'lr': 0.0018175685720381476}. Best is trial 34 with value: -1.4645668268203735.[0m
[32m[I 2023-04-13 20:25:16,636][0m Trial 155 finished with value: -1.3597007989883423 and parameters: {'z_dim': 249, 'hidden': 2.0518125683286814, 'dropout': 0.2879961567193609, 'lr': 0.0018208641256709293}. Best is trial 34 with value: -1.4645668268203735.[0m
[32m[I 2023-04-13 20:26:13,263][0m Trial 151 finished with value: -1.2296642065048218 and parameters: {'z_dim': 110, 'hidden': 2.184395884305076, 'dropout': 0.6437080442992282, 'lr': 0.001843568260409339}. Best is trial 34 with value: -1.4645668268203735.[0m
[32m[I 2023-04-13 20:27:06,970][0m Trial 160 finished with value: -1.0483471155166626 and parameters: {'z_dim': 245, 'hidden': 2.040346366375145, 'dropout': 0.6735899845811167, 'lr': 0.003554917252421636}. Best is trial 34 with value: -1.4645668268203735.[0m
[32m[I 2023-04-13 20:27:21,741][0m Trial 157 finished with value: -1.3546632528305054 and parameters: {'z_dim': 241, 'hidden': 2.6390919981228103, 'dropout': 0.6544627665080592, 'lr': 0.001802568664834252}. Best is trial 34 with value: -1.4645668268203735.[0m
[32m[I 2023-04-13 20:27:31,814][0m Trial 159 finished with value: -1.2864882946014404 and parameters: {'z_dim': 255, 'hidden': 2.1975488725115553, 'dropout': 0.5579868681402229, 'lr': 0.0016494057982940839}. Best is trial 34 with value: -1.4645668268203735.[0m
[32m[I 2023-04-13 20:31:08,649][0m Trial 161 finished with value: -1.2417901754379272 and parameters: {'z_dim': 159, 'hidden': 2.1637795203889825, 'dropout': 0.27175834691835427, 'lr': 0.0016686739373395095}. Best is trial 34 with value: -1.4645668268203735.[0m
[32m[I 2023-04-13 20:32:41,719][0m Trial 166 finished with value: -1.3254565000534058 and parameters: {'z_dim': 190, 'hidden': 0.4400386920468182, 'dropout': 0.26667354182028125, 'lr': 0.0025459738544474923}. Best is trial 34 with value: -1.4645668268203735.[0m
[32m[I 2023-04-13 20:32:49,462][0m Trial 163 finished with value: -1.330958366394043 and parameters: {'z_dim': 188, 'hidden': 2.187477795151066, 'dropout': 0.2663761200032424, 'lr': 0.003503860872705056}. Best is trial 34 with value: -1.4645668268203735.[0m
[32m[I 2023-04-13 20:33:30,611][0m Trial 158 finished with value: -0.9014167785644531 and parameters: {'z_dim': 246, 'hidden': 2.1676966312999215, 'dropout': 0.6553243462756903, 'lr': 1.0419502373928908e-05}. Best is trial 34 with value: -1.4645668268203735.[0m
[32m[I 2023-04-13 20:33:37,608][0m Trial 162 finished with value: -1.3229600191116333 and parameters: {'z_dim': 186, 'hidden': 3.984762134287822, 'dropout': 0.6669303037726941, 'lr': 0.0011243276235921623}. Best is trial 34 with value: -1.4645668268203735.[0m
[32m[I 2023-04-13 20:34:04,111][0m Trial 167 finished with value: -1.232560634613037 and parameters: {'z_dim': 331, 'hidden': 0.9937406671623465, 'dropout': 0.27246974866366896, 'lr': 0.001191129712222668}. Best is trial 34 with value: -1.4645668268203735.[0m
[32m[I 2023-04-13 20:34:53,974][0m Trial 165 finished with value: -1.303253173828125 and parameters: {'z_dim': 180, 'hidden': 3.148966550515879, 'dropout': 0.2673391499532407, 'lr': 0.00251925406886228}. Best is trial 34 with value: -1.4645668268203735.[0m
[32m[I 2023-04-13 20:35:08,826][0m Trial 169 finished with value: -0.6618706583976746 and parameters: {'z_dim': 329, 'hidden': 3.1332730713004318, 'dropout': 0.3109805735683172, 'lr': 0.0011681660157704526}. Best is trial 34 with value: -1.4645668268203735.[0m
