[32m[I 2023-04-14 01:21:08,150][0m Trial 496 finished with value: -1.292682409286499 and parameters: {'z_dim': 444, 'hidden': 3.950548400754379, 'dropout': 0.4527830571440344, 'lr': 0.0012310456719041112}. Best is trial 34 with value: -1.4645668268203735.[0m
[32m[I 2023-04-14 01:22:27,891][0m Trial 499 finished with value: -1.324265718460083 and parameters: {'z_dim': 452, 'hidden': 2.3088805717625385, 'dropout': 0.489804236628959, 'lr': 0.0005372608823951089}. Best is trial 34 with value: -1.4645668268203735.[0m
