[32m[I 2023-04-13 23:00:28,185][0m Trial 335 finished with value: -1.1402276754379272 and parameters: {'z_dim': 196, 'hidden': 1.1513064288092598, 'dropout': 0.8686666758590035, 'lr': 0.001838352737651745}. Best is trial 34 with value: -1.4645668268203735.[0m
[32m[I 2023-04-13 23:01:52,042][0m Trial 334 finished with value: -1.2021398544311523 and parameters: {'z_dim': 236, 'hidden': 3.9145116624083824, 'dropout': 0.8369374259784084, 'lr': 0.0018291877551300456}. Best is trial 34 with value: -1.4645668268203735.[0m
[32m[I 2023-04-13 23:02:57,019][0m Trial 333 finished with value: -1.3161232471466064 and parameters: {'z_dim': 249, 'hidden': 1.1254189318919887, 'dropout': 0.31988582534932597, 'lr': 0.001971245325596505}. Best is trial 34 with value: -1.4645668268203735.[0m
[32m[I 2023-04-13 23:04:18,178][0m Trial 336 finished with value: -1.3254573345184326 and parameters: {'z_dim': 188, 'hidden': 3.993481019113701, 'dropout': 0.45273715739046233, 'lr': 0.0018119618421243767}. Best is trial 34 with value: -1.4645668268203735.[0m
[32m[I 2023-04-13 23:04:24,215][0m Trial 338 finished with value: -1.1856948137283325 and parameters: {'z_dim': 192, 'hidden': 3.9903062834809724, 'dropout': 0.8362158903087638, 'lr': 0.0018256687143134236}. Best is trial 34 with value: -1.4645668268203735.[0m
[32m[I 2023-04-13 23:06:05,601][0m Trial 342 finished with value: -1.2397470474243164 and parameters: {'z_dim': 191, 'hidden': 3.9806953309481026, 'dropout': 0.8438575414657891, 'lr': 0.0006461847585333304}. Best is trial 34 with value: -1.4645668268203735.[0m
[32m[I 2023-04-13 23:06:55,607][0m Trial 340 finished with value: -1.3341925144195557 and parameters: {'z_dim': 193, 'hidden': 1.029844759671204, 'dropout': 0.3257668092707128, 'lr': 0.0018544949096735914}. Best is trial 34 with value: -1.4645668268203735.[0m
[32m[I 2023-04-13 23:08:25,324][0m Trial 344 finished with value: -1.2553486824035645 and parameters: {'z_dim': 188, 'hidden': 3.9229819665530146, 'dropout': 0.42824951058855865, 'lr': 0.0005980918210066932}. Best is trial 34 with value: -1.4645668268203735.[0m
[32m[I 2023-04-13 23:08:49,748][0m Trial 339 finished with value: -1.2343186140060425 and parameters: {'z_dim': 197, 'hidden': 3.858541853677333, 'dropout': 0.6709756677783405, 'lr': 0.0017624605271217126}. Best is trial 34 with value: -1.4645668268203735.[0m
[32m[I 2023-04-13 23:09:31,385][0m Trial 343 finished with value: -1.353706955909729 and parameters: {'z_dim': 193, 'hidden': 3.9465273903768647, 'dropout': 0.6764087391186132, 'lr': 0.0005490753080758667}. Best is trial 34 with value: -1.4645668268203735.[0m
[32m[I 2023-04-13 23:10:09,855][0m Trial 348 finished with value: -0.45859408378601074 and parameters: {'z_dim': 980, 'hidden': 1.571595612338379, 'dropout': 0.672639329759388, 'lr': 0.0005957155952133062}. Best is trial 34 with value: -1.4645668268203735.[0m
[32m[I 2023-04-13 23:10:12,587][0m Trial 346 finished with value: -1.2808184623718262 and parameters: {'z_dim': 147, 'hidden': 3.938800646858238, 'dropout': 0.8609857801246638, 'lr': 0.000931829906244738}. Best is trial 34 with value: -1.4645668268203735.[0m
[32m[I 2023-04-13 23:11:29,082][0m Trial 341 finished with value: -1.3423656225204468 and parameters: {'z_dim': 178, 'hidden': 3.967248457792744, 'dropout': 0.8560620785418273, 'lr': 0.0006670973593931357}. Best is trial 34 with value: -1.4645668268203735.[0m
[32m[I 2023-04-13 23:14:30,918][0m Trial 345 finished with value: -1.393839716911316 and parameters: {'z_dim': 148, 'hidden': 3.924680307641455, 'dropout': 0.7942021998714464, 'lr': 0.0006127304338413666}. Best is trial 34 with value: -1.4645668268203735.[0m
[32m[I 2023-04-13 23:14:34,549][0m Trial 347 finished with value: -1.2860594987869263 and parameters: {'z_dim': 981, 'hidden': 3.811927472361672, 'dropout': 0.3492343477844489, 'lr': 0.0005804288883214883}. Best is trial 34 with value: -1.4645668268203735.[0m
[32m[I 2023-04-13 23:15:23,529][0m Trial 351 finished with value: -1.2176457643508911 and parameters: {'z_dim': 100, 'hidden': 3.7602113252865434, 'dropout': 0.8598817384301742, 'lr': 0.0009306237788825568}. Best is trial 34 with value: -1.4645668268203735.[0m
[32m[I 2023-04-13 23:15:26,872][0m Trial 349 finished with value: -1.3286221027374268 and parameters: {'z_dim': 141, 'hidden': 3.8413299608420455, 'dropout': 0.8587580995509907, 'lr': 0.0023065733654796107}. Best is trial 34 with value: -1.4645668268203735.[0m
[32m[I 2023-04-13 23:16:46,650][0m Trial 350 finished with value: -1.3118798732757568 and parameters: {'z_dim': 105, 'hidden': 3.734944762109427, 'dropout': 0.27335180647343027, 'lr': 0.0009126667299643518}. Best is trial 34 with value: -1.4645668268203735.[0m
[32m[I 2023-04-13 23:17:14,481][0m Trial 352 finished with value: -1.3503347635269165 and parameters: {'z_dim': 101, 'hidden': 3.7559936664960967, 'dropout': 0.8549573122518199, 'lr': 0.0009116533219445566}. Best is trial 34 with value: -1.4645668268203735.[0m
[32m[I 2023-04-13 23:17:43,332][0m Trial 353 finished with value: -1.36637282371521 and parameters: {'z_dim': 96, 'hidden': 3.8067041783078075, 'dropout': 0.2706426329660854, 'lr': 0.0009015101581412067}. Best is trial 34 with value: -1.4645668268203735.[0m
[32m[I 2023-04-13 23:18:58,860][0m Trial 356 finished with value: -1.1707662343978882 and parameters: {'z_dim': 111, 'hidden': 3.7699473338937133, 'dropout': 0.784467379564014, 'lr': 0.00035723720098782057}. Best is trial 34 with value: -1.4645668268203735.[0m
[32m[I 2023-04-13 23:20:18,071][0m Trial 354 finished with value: -1.1153390407562256 and parameters: {'z_dim': 426, 'hidden': 3.7634143967327356, 'dropout': 0.7950134547342161, 'lr': 0.0021553382887014748}. Best is trial 34 with value: -1.4645668268203735.[0m
[32m[I 2023-04-13 23:20:53,655][0m Trial 337 finished with value: -1.32609224319458 and parameters: {'z_dim': 201, 'hidden': 3.9401646993512185, 'dropout': 0.6734480247419368, 'lr': 0.0005667941671114062}. Best is trial 34 with value: -1.4645668268203735.[0m
[32m[I 2023-04-13 23:22:03,808][0m Trial 360 finished with value: -1.0831748247146606 and parameters: {'z_dim': 317, 'hidden': 2.072292858415993, 'dropout': 0.7972292975646843, 'lr': 0.0004819911852611953}. Best is trial 34 with value: -1.4645668268203735.[0m
[32m[I 2023-04-13 23:23:14,850][0m Trial 361 finished with value: -1.211562156677246 and parameters: {'z_dim': 272, 'hidden': 2.156402171944307, 'dropout': 0.8037109496677736, 'lr': 0.0004548657412359077}. Best is trial 34 with value: -1.4645668268203735.[0m
[32m[I 2023-04-13 23:23:34,547][0m Trial 358 finished with value: -1.2585541009902954 and parameters: {'z_dim': 579, 'hidden': 2.110999209323692, 'dropout': 0.7963365491269885, 'lr': 0.00037888784615077055}. Best is trial 34 with value: -1.4645668268203735.[0m
[32m[I 2023-04-13 23:24:13,835][0m Trial 355 finished with value: -1.4248249530792236 and parameters: {'z_dim': 316, 'hidden': 3.8644874996055747, 'dropout': 0.811157155480998, 'lr': 0.0022906542616230635}. Best is trial 34 with value: -1.4645668268203735.[0m
[32m[I 2023-04-13 23:24:50,917][0m Trial 357 finished with value: -1.3536232709884644 and parameters: {'z_dim': 308, 'hidden': 2.101477714867095, 'dropout': 0.7883546451793672, 'lr': 0.00047797705062557516}. Best is trial 34 with value: -1.4645668268203735.[0m
[32m[I 2023-04-13 23:26:33,231][0m Trial 362 finished with value: -1.2791898250579834 and parameters: {'z_dim': 426, 'hidden': 2.0808179080278912, 'dropout': 0.8148920685216798, 'lr': 0.0004732549172562452}. Best is trial 34 with value: -1.4645668268203735.[0m
[32m[I 2023-04-13 23:26:53,924][0m Trial 320 finished with value: -1.1505396366119385 and parameters: {'z_dim': 1436, 'hidden': 1.1216249710496247, 'dropout': 0.865670302362165, 'lr': 0.0008419952296358583}. Best is trial 34 with value: -1.4645668268203735.[0m
[32m[I 2023-04-13 23:27:06,218][0m Trial 359 finished with value: -1.3167484998703003 and parameters: {'z_dim': 300, 'hidden': 2.115507068669906, 'dropout': 0.7973670113734262, 'lr': 0.0008632578414838009}. Best is trial 34 with value: -1.4645668268203735.[0m
[32m[I 2023-04-13 23:29:10,533][0m Trial 366 finished with value: -1.2612627744674683 and parameters: {'z_dim': 307, 'hidden': 2.291334896592847, 'dropout': 0.8209656126773991, 'lr': 0.0004051837922416359}. Best is trial 34 with value: -1.4645668268203735.[0m
[32m[I 2023-04-13 23:29:18,880][0m Trial 367 finished with value: -1.1933645009994507 and parameters: {'z_dim': 155, 'hidden': 2.27563686865036, 'dropout': 0.8137813157665359, 'lr': 0.0007089570613724151}. Best is trial 34 with value: -1.4645668268203735.[0m
[32m[I 2023-04-13 23:30:30,276][0m Trial 365 finished with value: -0.8572633266448975 and parameters: {'z_dim': 850, 'hidden': 2.2791061342183774, 'dropout': 0.30545497547974204, 'lr': 1.552615823678474e-05}. Best is trial 34 with value: -1.4645668268203735.[0m
[32m[I 2023-04-13 23:30:45,718][0m Trial 369 finished with value: -1.132324457168579 and parameters: {'z_dim': 396, 'hidden': 3.855549612230345, 'dropout': 0.8327390402167478, 'lr': 0.002498187874665446}. Best is trial 34 with value: -1.4645668268203735.[0m
[32m[I 2023-04-13 23:31:32,251][0m Trial 368 finished with value: -1.3411304950714111 and parameters: {'z_dim': 329, 'hidden': 3.864678448497089, 'dropout': 0.8136219728535388, 'lr': 0.0007157907562642545}. Best is trial 34 with value: -1.4645668268203735.[0m
[32m[I 2023-04-13 23:31:47,060][0m Trial 363 finished with value: -1.2371330261230469 and parameters: {'z_dim': 323, 'hidden': 2.0991351139942025, 'dropout': 0.3088934545559804, 'lr': 0.0010855305281585537}. Best is trial 34 with value: -1.4645668268203735.[0m
[32m[I 2023-04-13 23:32:20,439][0m Trial 370 finished with value: -1.138877034187317 and parameters: {'z_dim': 340, 'hidden': 3.8680273256625286, 'dropout': 0.8247458670953175, 'lr': 0.00028835480606978427}. Best is trial 34 with value: -1.4645668268203735.[0m
[32m[I 2023-04-13 23:35:38,430][0m Trial 372 finished with value: -1.2025212049484253 and parameters: {'z_dim': 624, 'hidden': 3.8771662147967865, 'dropout': 0.8401242600015029, 'lr': 0.000705309613690127}. Best is trial 34 with value: -1.4645668268203735.[0m
[32m[I 2023-04-13 23:35:44,356][0m Trial 373 finished with value: -1.2421077489852905 and parameters: {'z_dim': 349, 'hidden': 3.8767456834926897, 'dropout': 0.8303220461120203, 'lr': 0.000280841801131628}. Best is trial 34 with value: -1.4645668268203735.[0m
[32m[I 2023-04-13 23:36:43,216][0m Trial 375 finished with value: -1.221456527709961 and parameters: {'z_dim': 392, 'hidden': 3.9064671198660594, 'dropout': 0.8329505465157458, 'lr': 0.0025745073515900524}. Best is trial 34 with value: -1.4645668268203735.[0m
[32m[I 2023-04-13 23:37:08,403][0m Trial 374 finished with value: -1.3281428813934326 and parameters: {'z_dim': 353, 'hidden': 3.8308799130744773, 'dropout': 0.8352275195318, 'lr': 0.0024698938931476443}. Best is trial 34 with value: -1.4645668268203735.[0m
[32m[I 2023-04-13 23:37:50,338][0m Trial 379 finished with value: -1.1561594009399414 and parameters: {'z_dim': 499, 'hidden': 3.923796518852871, 'dropout': 0.35890153421234827, 'lr': 0.002533609754859901}. Best is trial 34 with value: -1.4645668268203735.[0m
[32m[I 2023-04-13 23:38:57,073][0m Trial 364 finished with value: -1.1601860523223877 and parameters: {'z_dim': 299, 'hidden': 2.101502154147116, 'dropout': 0.8154740823947899, 'lr': 0.0006951537613318976}. Best is trial 34 with value: -1.4645668268203735.[0m
[32m[I 2023-04-13 23:39:30,905][0m Trial 376 finished with value: -1.2424157857894897 and parameters: {'z_dim': 349, 'hidden': 3.905369026746154, 'dropout': 0.7705220217568112, 'lr': 0.0025285348535927493}. Best is trial 34 with value: -1.4645668268203735.[0m
[32m[I 2023-04-13 23:40:41,322][0m Trial 381 finished with value: -1.289298415184021 and parameters: {'z_dim': 83, 'hidden': 2.382898767164086, 'dropout': 0.1344658183274594, 'lr': 0.002556427559742104}. Best is trial 34 with value: -1.4645668268203735.[0m
[32m[I 2023-04-13 23:41:24,192][0m Trial 377 finished with value: -1.3059669733047485 and parameters: {'z_dim': 343, 'hidden': 2.3642183394221266, 'dropout': 0.31739039974818334, 'lr': 0.0025531378845469457}. Best is trial 34 with value: -1.4645668268203735.[0m
[32m[I 2023-04-13 23:41:31,002][0m Trial 382 finished with value: -1.0281825065612793 and parameters: {'z_dim': 262, 'hidden': 3.496618543572566, 'dropout': 0.7712924954120782, 'lr': 0.0022817313475645947}. Best is trial 34 with value: -1.4645668268203735.[0m
[32m[I 2023-04-13 23:43:06,220][0m Trial 378 finished with value: -1.1896650791168213 and parameters: {'z_dim': 373, 'hidden': 2.719634424696749, 'dropout': 0.37234614024125384, 'lr': 0.002625158612549861}. Best is trial 34 with value: -1.4645668268203735.[0m
[32m[I 2023-04-13 23:44:32,545][0m Trial 383 finished with value: -1.338546872138977 and parameters: {'z_dim': 271, 'hidden': 2.3668136060047082, 'dropout': 0.7756999191538044, 'lr': 0.0022596231182519756}. Best is trial 34 with value: -1.4645668268203735.[0m
[32m[I 2023-04-13 23:45:10,575][0m Trial 384 finished with value: -1.303554654121399 and parameters: {'z_dim': 82, 'hidden': 2.209561186545359, 'dropout': 0.7743457561756619, 'lr': 0.0036635468563811537}. Best is trial 34 with value: -1.4645668268203735.[0m
[32m[I 2023-04-13 23:46:42,867][0m Trial 380 finished with value: -1.418359398841858 and parameters: {'z_dim': 84, 'hidden': 2.351994003106481, 'dropout': 0.3602281921798426, 'lr': 0.0026544676638014437}. Best is trial 34 with value: -1.4645668268203735.[0m
[32m[I 2023-04-13 23:47:41,094][0m Trial 388 finished with value: -1.2800852060317993 and parameters: {'z_dim': 272, 'hidden': 2.760132961433657, 'dropout': 0.33788507423888936, 'lr': 0.0011021183722820555}. Best is trial 34 with value: -1.4645668268203735.[0m
[32m[I 2023-04-13 23:48:46,022][0m Trial 389 finished with value: -1.3551676273345947 and parameters: {'z_dim': 147, 'hidden': 3.9904710966140247, 'dropout': 0.33990960419989097, 'lr': 0.0021450427351909964}. Best is trial 34 with value: -1.4645668268203735.[0m
[32m[I 2023-04-13 23:49:30,655][0m Trial 387 finished with value: -1.4173120260238647 and parameters: {'z_dim': 274, 'hidden': 3.9986479687808627, 'dropout': 0.3262850458309267, 'lr': 0.0010601465757543924}. Best is trial 34 with value: -1.4645668268203735.[0m
[32m[I 2023-04-13 23:50:21,504][0m Trial 386 finished with value: -1.3382481336593628 and parameters: {'z_dim': 85, 'hidden': 1.2517267238291292, 'dropout': 0.31594862118917816, 'lr': 0.001021838352381895}. Best is trial 34 with value: -1.4645668268203735.[0m
[32m[I 2023-04-13 23:51:13,824][0m Trial 391 finished with value: -1.3088546991348267 and parameters: {'z_dim': 137, 'hidden': 3.999447532048312, 'dropout': 0.33043322409021336, 'lr': 0.0011579257186206248}. Best is trial 34 with value: -1.4645668268203735.[0m
[32m[I 2023-04-13 23:51:44,677][0m Trial 392 finished with value: -1.38507878780365 and parameters: {'z_dim': 228, 'hidden': 1.9151829961002491, 'dropout': 0.33967959908603884, 'lr': 0.0010503074540493698}. Best is trial 34 with value: -1.4645668268203735.[0m
[32m[I 2023-04-13 23:53:29,260][0m Trial 395 finished with value: -1.0405254364013672 and parameters: {'z_dim': 123, 'hidden': 2.601406897075048, 'dropout': 0.2866040813067045, 'lr': 0.0014831328036086495}. Best is trial 34 with value: -1.4645668268203735.[0m
[32m[I 2023-04-13 23:54:01,054][0m Trial 390 finished with value: -1.2478736639022827 and parameters: {'z_dim': 125, 'hidden': 1.216855210553715, 'dropout': 0.29383398601940247, 'lr': 0.001021689865130062}. Best is trial 34 with value: -1.4645668268203735.[0m
[32m[I 2023-04-13 23:54:55,197][0m Trial 396 finished with value: -1.2740871906280518 and parameters: {'z_dim': 82, 'hidden': 3.9553968485603286, 'dropout': 0.29176913329962106, 'lr': 0.0010625012949604122}. Best is trial 34 with value: -1.4645668268203735.[0m
[32m[I 2023-04-13 23:55:56,558][0m Trial 393 finished with value: -1.3177897930145264 and parameters: {'z_dim': 134, 'hidden': 2.4984577695814396, 'dropout': 0.3353552481638391, 'lr': 0.0010965040510041823}. Best is trial 34 with value: -1.4645668268203735.[0m
[32m[I 2023-04-13 23:55:59,701][0m Trial 394 finished with value: -1.3860819339752197 and parameters: {'z_dim': 116, 'hidden': 1.5100925246109365, 'dropout': 0.29791858353558587, 'lr': 0.002111342806930992}. Best is trial 34 with value: -1.4645668268203735.[0m
[32m[I 2023-04-13 23:57:25,661][0m Trial 400 finished with value: -1.1080784797668457 and parameters: {'z_dim': 83, 'hidden': 2.377394048162579, 'dropout': 0.29835347540751983, 'lr': 0.0008095200300761346}. Best is trial 34 with value: -1.4645668268203735.[0m
[32m[I 2023-04-13 23:57:52,434][0m Trial 397 finished with value: -1.2912323474884033 and parameters: {'z_dim': 128, 'hidden': 3.965759986340843, 'dropout': 0.3268024794382677, 'lr': 0.001050483593715321}. Best is trial 34 with value: -1.4645668268203735.[0m
[32m[I 2023-04-13 23:58:12,969][0m Trial 399 finished with value: -1.3130236864089966 and parameters: {'z_dim': 127, 'hidden': 2.503602736149155, 'dropout': 0.2894294751915222, 'lr': 0.000905424352887681}. Best is trial 34 with value: -1.4645668268203735.[0m
[32m[I 2023-04-13 23:59:40,186][0m Trial 398 finished with value: -1.3649464845657349 and parameters: {'z_dim': 54, 'hidden': 2.596642501511178, 'dropout': 0.282665704488121, 'lr': 0.0008292012422348102}. Best is trial 34 with value: -1.4645668268203735.[0m
[32m[I 2023-04-14 00:00:44,642][0m Trial 402 finished with value: -1.2622592449188232 and parameters: {'z_dim': 58, 'hidden': 2.3838319648275856, 'dropout': 0.3225961206570411, 'lr': 0.001342853662356887}. Best is trial 34 with value: -1.4645668268203735.[0m
[32m[I 2023-04-14 00:02:41,413][0m Trial 406 finished with value: -1.1938214302062988 and parameters: {'z_dim': 51, 'hidden': 2.5256638523232415, 'dropout': 0.7138919993035326, 'lr': 0.0013068549573158994}. Best is trial 34 with value: -1.4645668268203735.[0m
[32m[I 2023-04-14 00:03:10,530][0m Trial 405 finished with value: -1.2536405324935913 and parameters: {'z_dim': 226, 'hidden': 1.8116160415596303, 'dropout': 0.8789978419512451, 'lr': 0.0013467063668592505}. Best is trial 34 with value: -1.4645668268203735.[0m
[32m[I 2023-04-14 00:03:56,963][0m Trial 385 finished with value: -1.3562183380126953 and parameters: {'z_dim': 87, 'hidden': 2.3785077793870366, 'dropout': 0.7737874400934639, 'lr': 0.0010697715570423475}. Best is trial 34 with value: -1.4645668268203735.[0m
[32m[I 2023-04-14 00:04:26,116][0m Trial 404 finished with value: -1.3833444118499756 and parameters: {'z_dim': 53, 'hidden': 2.3285412721239904, 'dropout': 0.35143187457493774, 'lr': 0.0013151557002243361}. Best is trial 34 with value: -1.4645668268203735.[0m
[32m[I 2023-04-14 00:05:36,533][0m Trial 407 finished with value: -1.215713620185852 and parameters: {'z_dim': 1244, 'hidden': 2.34657145178908, 'dropout': 0.8822895052159245, 'lr': 0.0013542984739163225}. Best is trial 34 with value: -1.4645668268203735.[0m
[32m[I 2023-04-14 00:06:01,323][0m Trial 408 finished with value: -1.2421340942382812 and parameters: {'z_dim': 225, 'hidden': 2.318066335933543, 'dropout': 0.7110217732717942, 'lr': 0.0013346653173014263}. Best is trial 34 with value: -1.4645668268203735.[0m
[32m[I 2023-04-14 00:06:43,683][0m Trial 403 finished with value: -1.3473464250564575 and parameters: {'z_dim': 50, 'hidden': 1.5398003297349676, 'dropout': 0.7377953171127078, 'lr': 0.000785431010945733}. Best is trial 34 with value: -1.4645668268203735.[0m
[32m[I 2023-04-14 00:07:09,310][0m Trial 409 finished with value: -1.2844173908233643 and parameters: {'z_dim': 218, 'hidden': 2.287705323629092, 'dropout': 0.742647505246725, 'lr': 0.0013644666304845907}. Best is trial 34 with value: -1.4645668268203735.[0m
[32m[I 2023-04-14 00:08:03,801][0m Trial 411 finished with value: -1.27421236038208 and parameters: {'z_dim': 166, 'hidden': 3.8169811593609655, 'dropout': 0.3553790161793169, 'lr': 0.0031141747445330853}. Best is trial 34 with value: -1.4645668268203735.[0m
[32m[I 2023-04-14 00:08:57,648][0m Trial 401 finished with value: -1.3694958686828613 and parameters: {'z_dim': 82, 'hidden': 2.394896232876412, 'dropout': 0.35073062696794066, 'lr': 0.0013260337397472313}. Best is trial 34 with value: -1.4645668268203735.[0m
[32m[I 2023-04-14 00:09:56,163][0m Trial 410 finished with value: -1.295305848121643 and parameters: {'z_dim': 212, 'hidden': 2.301701522534118, 'dropout': 0.3566765573524419, 'lr': 0.0012972168130457957}. Best is trial 34 with value: -1.4645668268203735.[0m
[32m[I 2023-04-14 00:10:02,611][0m Trial 413 finished with value: -1.2585852146148682 and parameters: {'z_dim': 168, 'hidden': 2.246549348785024, 'dropout': 0.7381972417548907, 'lr': 0.0006639611697897185}. Best is trial 34 with value: -1.4645668268203735.[0m
[32m[I 2023-04-14 00:10:22,127][0m Trial 418 finished with value: 0.9890575408935547 and parameters: {'z_dim': 1365, 'hidden': 3.7093186030986796, 'dropout': 0.2667339134054977, 'lr': 0.0033874060158532405}. Best is trial 34 with value: -1.4645668268203735.[0m
[32m[I 2023-04-14 00:11:56,249][0m Trial 415 finished with value: -1.3484187126159668 and parameters: {'z_dim': 162, 'hidden': 2.2610886148663827, 'dropout': 0.3546588232516072, 'lr': 0.0006255580712703274}. Best is trial 34 with value: -1.4645668268203735.[0m
[32m[I 2023-04-14 00:13:56,525][0m Trial 414 finished with value: -1.29482901096344 and parameters: {'z_dim': 223, 'hidden': 2.2587702331093196, 'dropout': 0.2653415076965764, 'lr': 0.0030750629195587793}. Best is trial 34 with value: -1.4645668268203735.[0m
