[32m[I 2023-04-14 00:15:29,310][0m Trial 417 finished with value: -1.3482482433319092 and parameters: {'z_dim': 1368, 'hidden': 3.736437867141654, 'dropout': 0.2641110692815717, 'lr': 0.0006444892414466146}. Best is trial 34 with value: -1.4645668268203735.[0m
[32m[I 2023-04-14 00:15:48,476][0m Trial 416 finished with value: -1.2919892072677612 and parameters: {'z_dim': 150, 'hidden': 2.2273731903191014, 'dropout': 0.3091628433639695, 'lr': 0.0030790041785265596}. Best is trial 34 with value: -1.4645668268203735.[0m
[32m[I 2023-04-14 00:15:56,723][0m Trial 421 finished with value: -1.0195302963256836 and parameters: {'z_dim': 1385, 'hidden': 3.918880189843421, 'dropout': 0.26182472810110213, 'lr': 0.0006035976582213226}. Best is trial 34 with value: -1.4645668268203735.[0m
[32m[I 2023-04-14 00:17:09,135][0m Trial 422 finished with value: -1.2702829837799072 and parameters: {'z_dim': 447, 'hidden': 3.8012757521347185, 'dropout': 0.3119519213003687, 'lr': 0.0009028016001761918}. Best is trial 34 with value: -1.4645668268203735.[0m
[32m[I 2023-04-14 00:17:25,228][0m Trial 420 finished with value: -1.3235976696014404 and parameters: {'z_dim': 167, 'hidden': 2.2240303132535395, 'dropout': 0.3100863967324473, 'lr': 0.0006022296727022418}. Best is trial 34 with value: -1.4645668268203735.[0m
[32m[I 2023-04-14 00:18:23,161][0m Trial 423 finished with value: -1.1899440288543701 and parameters: {'z_dim': 159, 'hidden': 3.99561531856935, 'dropout': 0.30748530152338954, 'lr': 9.813763235664926e-05}. Best is trial 34 with value: -1.4645668268203735.[0m
[32m[I 2023-04-14 00:19:50,175][0m Trial 427 finished with value: -0.9977207779884338 and parameters: {'z_dim': 172, 'hidden': 3.8292573454404777, 'dropout': 0.31340395727267834, 'lr': 0.0009001279120911208}. Best is trial 34 with value: -1.4645668268203735.[0m
[32m[I 2023-04-14 00:20:38,575][0m Trial 425 finished with value: -1.171199917793274 and parameters: {'z_dim': 1065, 'hidden': 3.9982451752321433, 'dropout': 0.24534562667010817, 'lr': 0.0009088881099696308}. Best is trial 34 with value: -1.4645668268203735.[0m
[32m[I 2023-04-14 00:21:11,395][0m Trial 424 finished with value: -1.3014456033706665 and parameters: {'z_dim': 1048, 'hidden': 3.8140843910363684, 'dropout': 0.31233974612856846, 'lr': 0.0008967212462034845}. Best is trial 34 with value: -1.4645668268203735.[0m
[32m[I 2023-04-14 00:23:30,198][0m Trial 419 finished with value: -1.3811925649642944 and parameters: {'z_dim': 164, 'hidden': 2.2117856885520895, 'dropout': 0.40780885829235153, 'lr': 0.0005798281793432186}. Best is trial 34 with value: -1.4645668268203735.[0m
[32m[I 2023-04-14 00:23:57,934][0m Trial 426 finished with value: -1.2186475992202759 and parameters: {'z_dim': 174, 'hidden': 1.4296529758859287, 'dropout': 0.4089201769201367, 'lr': 0.000920020444316457}. Best is trial 34 with value: -1.4645668268203735.[0m
[32m[I 2023-04-14 00:24:00,465][0m Trial 429 finished with value: -1.3066834211349487 and parameters: {'z_dim': 535, 'hidden': 3.9834764823530953, 'dropout': 0.24818612987093866, 'lr': 0.0009187997613917739}. Best is trial 34 with value: -1.4645668268203735.[0m
[32m[I 2023-04-14 00:24:39,522][0m Trial 428 finished with value: -1.2316762208938599 and parameters: {'z_dim': 1044, 'hidden': 1.4523535667536787, 'dropout': 0.4151035764659114, 'lr': 0.0008625877343607306}. Best is trial 34 with value: -1.4645668268203735.[0m
[32m[I 2023-04-14 00:25:13,617][0m Trial 430 finished with value: -1.272326946258545 and parameters: {'z_dim': 706, 'hidden': 1.4222129868910247, 'dropout': 0.37394387730134815, 'lr': 0.000927084519448207}. Best is trial 34 with value: -1.4645668268203735.[0m
[32m[I 2023-04-14 00:26:18,277][0m Trial 432 finished with value: -1.247882604598999 and parameters: {'z_dim': 265, 'hidden': 3.9062487478463024, 'dropout': 0.3727433535688492, 'lr': 0.0037497939352643035}. Best is trial 34 with value: -1.4645668268203735.[0m
[32m[I 2023-04-14 00:26:47,628][0m Trial 433 finished with value: -1.087550401687622 and parameters: {'z_dim': 701, 'hidden': 1.6361842846349428, 'dropout': 0.2810058965283787, 'lr': 0.003687921053813678}. Best is trial 34 with value: -1.4645668268203735.[0m
[32m[I 2023-04-14 00:27:33,668][0m Trial 431 finished with value: -1.3157947063446045 and parameters: {'z_dim': 273, 'hidden': 1.420087787302453, 'dropout': 0.324774516584842, 'lr': 0.0007956730701710234}. Best is trial 34 with value: -1.4645668268203735.[0m
[32m[I 2023-04-14 00:28:15,361][0m Trial 371 finished with value: -1.3450511693954468 and parameters: {'z_dim': 263, 'hidden': 3.8971684617099474, 'dropout': 0.8183822177874394, 'lr': 0.0025081649072384304}. Best is trial 34 with value: -1.4645668268203735.[0m
[32m[I 2023-04-14 00:29:08,443][0m Trial 436 finished with value: -1.2640209197998047 and parameters: {'z_dim': 119, 'hidden': 1.6155759059150965, 'dropout': 0.8513283431857195, 'lr': 0.0007862745564720367}. Best is trial 34 with value: -1.4645668268203735.[0m
[32m[I 2023-04-14 00:31:49,150][0m Trial 412 finished with value: -1.301469087600708 and parameters: {'z_dim': 227, 'hidden': 3.8185631422803756, 'dropout': 0.31188805776901324, 'lr': 0.0006356638524771169}. Best is trial 34 with value: -1.4645668268203735.[0m
[32m[I 2023-04-14 00:31:50,461][0m Trial 440 finished with value: -1.2488551139831543 and parameters: {'z_dim': 114, 'hidden': 2.4767882436617885, 'dropout': 0.845622317469345, 'lr': 0.0020558531363076915}. Best is trial 34 with value: -1.4645668268203735.[0m
[32m[I 2023-04-14 00:32:29,096][0m Trial 438 finished with value: -1.3367323875427246 and parameters: {'z_dim': 264, 'hidden': 2.481838187074719, 'dropout': 0.8488076216474877, 'lr': 0.0015814306031493425}. Best is trial 34 with value: -1.4645668268203735.[0m
[32m[I 2023-04-14 00:33:03,401][0m Trial 437 finished with value: -1.2816791534423828 and parameters: {'z_dim': 266, 'hidden': 3.846258377644585, 'dropout': 0.8435408445941414, 'lr': 0.0036450923234813376}. Best is trial 34 with value: -1.4645668268203735.[0m
[32m[I 2023-04-14 00:33:18,751][0m Trial 439 finished with value: -1.3861998319625854 and parameters: {'z_dim': 108, 'hidden': 2.4509683648712395, 'dropout': 0.8085713539004535, 'lr': 0.002051892244335985}. Best is trial 34 with value: -1.4645668268203735.[0m
[32m[I 2023-04-14 00:33:20,039][0m Trial 443 finished with value: -1.0973680019378662 and parameters: {'z_dim': 90, 'hidden': 2.4874814016943163, 'dropout': 0.8437245069297419, 'lr': 0.0021391371926166272}. Best is trial 34 with value: -1.4645668268203735.[0m
[32m[I 2023-04-14 00:34:56,406][0m Trial 434 finished with value: -1.2537895441055298 and parameters: {'z_dim': 264, 'hidden': 1.4275991521649145, 'dropout': 0.3723330703389449, 'lr': 0.0007715452717795633}. Best is trial 34 with value: -1.4645668268203735.[0m
[32m[I 2023-04-14 00:37:19,121][0m Trial 435 finished with value: -1.3440247774124146 and parameters: {'z_dim': 266, 'hidden': 3.919286999403471, 'dropout': 0.8483823162867483, 'lr': 0.001544963278151831}. Best is trial 34 with value: -1.4645668268203735.[0m
[32m[I 2023-04-14 00:37:44,748][0m Trial 441 finished with value: -1.3649537563323975 and parameters: {'z_dim': 105, 'hidden': 3.678709243382264, 'dropout': 0.850916132928687, 'lr': 0.00014084743489925638}. Best is trial 34 with value: -1.4645668268203735.[0m
[32m[I 2023-04-14 00:38:05,719][0m Trial 448 finished with value: -1.2782552242279053 and parameters: {'z_dim': 102, 'hidden': 1.964230133170114, 'dropout': 0.28247021578906223, 'lr': 0.0028805201989427634}. Best is trial 34 with value: -1.4645668268203735.[0m
[32m[I 2023-04-14 00:39:06,734][0m Trial 449 finished with value: -1.3237892389297485 and parameters: {'z_dim': 105, 'hidden': 3.666571723518765, 'dropout': 0.3313371242535568, 'lr': 0.0011686849941284132}. Best is trial 34 with value: -1.4645668268203735.[0m
[32m[I 2023-04-14 00:39:11,969][0m Trial 447 finished with value: -1.2968930006027222 and parameters: {'z_dim': 410, 'hidden': 1.9735166524283498, 'dropout': 0.33343946603302765, 'lr': 0.001199582687553872}. Best is trial 34 with value: -1.4645668268203735.[0m
[32m[I 2023-04-14 00:39:13,639][0m Trial 446 finished with value: -1.3371902704238892 and parameters: {'z_dim': 107, 'hidden': 1.9881594194859975, 'dropout': 0.8037795322008938, 'lr': 0.0011812149428393752}. Best is trial 34 with value: -1.4645668268203735.[0m
[32m[I 2023-04-14 00:40:19,008][0m Trial 445 finished with value: -1.4315894842147827 and parameters: {'z_dim': 103, 'hidden': 3.69334402232067, 'dropout': 0.46375368707030656, 'lr': 0.0016447103498731337}. Best is trial 34 with value: -1.4645668268203735.[0m
[32m[I 2023-04-14 00:43:41,705][0m Trial 453 finished with value: -1.272136926651001 and parameters: {'z_dim': 196, 'hidden': 2.674045723547032, 'dropout': 0.331428057079473, 'lr': 0.0011125374490936614}. Best is trial 34 with value: -1.4645668268203735.[0m
[32m[I 2023-04-14 00:45:09,003][0m Trial 451 finished with value: -1.1073490381240845 and parameters: {'z_dim': 417, 'hidden': 1.9828239869846522, 'dropout': 0.28747877629736707, 'lr': 0.0029333516501567685}. Best is trial 34 with value: -1.4645668268203735.[0m
[32m[I 2023-04-14 00:45:15,886][0m Trial 455 finished with value: -1.194570779800415 and parameters: {'z_dim': 193, 'hidden': 2.553573031131353, 'dropout': 0.2932746550595648, 'lr': 0.002814257878979526}. Best is trial 34 with value: -1.4645668268203735.[0m
[32m[I 2023-04-14 00:45:36,283][0m Trial 454 finished with value: -1.0956310033798218 and parameters: {'z_dim': 409, 'hidden': 2.558629529726587, 'dropout': 0.47890117304844904, 'lr': 0.00022971427076962127}. Best is trial 34 with value: -1.4645668268203735.[0m
[32m[I 2023-04-14 00:45:43,983][0m Trial 457 finished with value: -1.3259965181350708 and parameters: {'z_dim': 203, 'hidden': 3.730177972796027, 'dropout': 0.4776445281224391, 'lr': 0.0016274678594190015}. Best is trial 34 with value: -1.4645668268203735.[0m
[32m[I 2023-04-14 00:46:15,837][0m Trial 452 finished with value: -1.3271293640136719 and parameters: {'z_dim': 199, 'hidden': 2.004126072950857, 'dropout': 0.28261652252331726, 'lr': 0.0011751042035409026}. Best is trial 34 with value: -1.4645668268203735.[0m
[32m[I 2023-04-14 00:46:30,249][0m Trial 450 finished with value: -1.272762417793274 and parameters: {'z_dim': 112, 'hidden': 2.175014119527314, 'dropout': 0.47696330188211244, 'lr': 0.0028320078499455294}. Best is trial 34 with value: -1.4645668268203735.[0m
[32m[I 2023-04-14 00:47:18,811][0m Trial 456 finished with value: -1.3396985530853271 and parameters: {'z_dim': 198, 'hidden': 2.2011601048932206, 'dropout': 0.29433885496507467, 'lr': 0.0026896614603370344}. Best is trial 34 with value: -1.4645668268203735.[0m
[32m[I 2023-04-14 00:49:54,525][0m Trial 463 finished with value: -1.0222371816635132 and parameters: {'z_dim': 147, 'hidden': 3.715701155174478, 'dropout': 0.8152144244844757, 'lr': 0.0017273310551996855}. Best is trial 34 with value: -1.4645668268203735.[0m
[32m[I 2023-04-14 00:50:05,813][0m Trial 462 finished with value: -1.0750398635864258 and parameters: {'z_dim': 312, 'hidden': 3.6133841642968694, 'dropout': 0.7604842802831934, 'lr': 0.0018087720402454658}. Best is trial 34 with value: -1.4645668268203735.[0m
[32m[I 2023-04-14 00:50:10,695][0m Trial 458 finished with value: -1.2887170314788818 and parameters: {'z_dim': 201, 'hidden': 3.7256964186682184, 'dropout': 0.4708615223583187, 'lr': 0.001526169915492951}. Best is trial 34 with value: -1.4645668268203735.[0m
[32m[I 2023-04-14 00:51:43,550][0m Trial 465 finished with value: -1.2044048309326172 and parameters: {'z_dim': 154, 'hidden': 3.6917346554605532, 'dropout': 0.7600760128767285, 'lr': 0.0017149018113821247}. Best is trial 34 with value: -1.4645668268203735.[0m
[32m[I 2023-04-14 00:51:54,496][0m Trial 460 finished with value: -1.3107036352157593 and parameters: {'z_dim': 313, 'hidden': 3.7213208299203577, 'dropout': 0.45564961383681607, 'lr': 0.0015182303189578826}. Best is trial 34 with value: -1.4645668268203735.[0m
[32m[I 2023-04-14 00:52:43,505][0m Trial 459 finished with value: -0.945988655090332 and parameters: {'z_dim': 214, 'hidden': 3.72021625907642, 'dropout': 0.4403851548173666, 'lr': 3.450727757085846e-05}. Best is trial 34 with value: -1.4645668268203735.[0m
[32m[I 2023-04-14 00:53:00,183][0m Trial 461 finished with value: -1.3258084058761597 and parameters: {'z_dim': 157, 'hidden': 3.7565083423108203, 'dropout': 0.7945153105471239, 'lr': 0.0016808218002008681}. Best is trial 34 with value: -1.4645668268203735.[0m
[32m[I 2023-04-14 00:53:54,479][0m Trial 444 finished with value: -1.3325705528259277 and parameters: {'z_dim': 102, 'hidden': 1.9740160055283984, 'dropout': 0.8024352647620356, 'lr': 0.002909773021399194}. Best is trial 34 with value: -1.4645668268203735.[0m
[32m[I 2023-04-14 00:54:47,247][0m Trial 469 finished with value: 0.5992948412895203 and parameters: {'z_dim': 2000, 'hidden': 3.5073865748768123, 'dropout': 0.34508917144022117, 'lr': 0.0020080527692313836}. Best is trial 34 with value: -1.4645668268203735.[0m
[32m[I 2023-04-14 00:54:59,655][0m Trial 467 finished with value: -0.7856299877166748 and parameters: {'z_dim': 2000, 'hidden': 3.9000453342274954, 'dropout': 0.33836698153955486, 'lr': 7.19226769992021e-05}. Best is trial 34 with value: -1.4645668268203735.[0m
[32m[I 2023-04-14 00:56:01,746][0m Trial 442 finished with value: -1.0020320415496826 and parameters: {'z_dim': 119, 'hidden': 2.4512560444270157, 'dropout': 0.8473380133359691, 'lr': 0.0016028835059609663}. Best is trial 34 with value: -1.4645668268203735.[0m
[32m[I 2023-04-14 00:58:16,963][0m Trial 474 finished with value: 0.050954461097717285 and parameters: {'z_dim': 1682, 'hidden': 3.5620978558891148, 'dropout': 0.867883165487759, 'lr': 0.0022910670750445456}. Best is trial 34 with value: -1.4645668268203735.[0m
[32m[I 2023-04-14 00:58:19,565][0m Trial 466 finished with value: -1.3324506282806396 and parameters: {'z_dim': 319, 'hidden': 3.9210327717064355, 'dropout': 0.4369551253383439, 'lr': 0.0015881980835388487}. Best is trial 34 with value: -1.4645668268203735.[0m
[32m[I 2023-04-14 00:59:21,998][0m Trial 468 finished with value: -1.352298617362976 and parameters: {'z_dim': 479, 'hidden': 3.4730540836318693, 'dropout': 0.34716905823476635, 'lr': 0.001947560614647902}. Best is trial 34 with value: -1.4645668268203735.[0m
[32m[I 2023-04-14 00:59:56,680][0m Trial 470 finished with value: -1.3389203548431396 and parameters: {'z_dim': 146, 'hidden': 2.8152751049550386, 'dropout': 0.35144495599570225, 'lr': 0.002019681835599112}. Best is trial 34 with value: -1.4645668268203735.[0m
[32m[I 2023-04-14 01:00:13,759][0m Trial 472 finished with value: -1.2161376476287842 and parameters: {'z_dim': 142, 'hidden': 1.3252672816257531, 'dropout': 0.34726939795886635, 'lr': 0.0020028936732311036}. Best is trial 34 with value: -1.4645668268203735.[0m
[32m[I 2023-04-14 01:01:42,935][0m Trial 475 finished with value: -1.2932952642440796 and parameters: {'z_dim': 140, 'hidden': 3.8343000307048056, 'dropout': 0.8981402456935605, 'lr': 0.0005273163054227844}. Best is trial 34 with value: -1.4645668268203735.[0m
[32m[I 2023-04-14 01:01:43,119][0m Trial 471 finished with value: -1.3566526174545288 and parameters: {'z_dim': 144, 'hidden': 3.9019441870649247, 'dropout': 0.34512959978114294, 'lr': 0.002099768619750698}. Best is trial 34 with value: -1.4645668268203735.[0m
[32m[I 2023-04-14 01:04:22,504][0m Trial 477 finished with value: -1.291793704032898 and parameters: {'z_dim': 140, 'hidden': 3.85933859423353, 'dropout': 0.8916053211826308, 'lr': 0.0007347592884816986}. Best is trial 34 with value: -1.4645668268203735.[0m
[32m[I 2023-04-14 01:04:59,905][0m Trial 479 finished with value: -1.254056692123413 and parameters: {'z_dim': 137, 'hidden': 3.814055837838707, 'dropout': 0.3252127408297629, 'lr': 0.0007380870525159018}. Best is trial 34 with value: -1.4645668268203735.[0m
[32m[I 2023-04-14 01:06:16,177][0m Trial 480 finished with value: -1.3220970630645752 and parameters: {'z_dim': 83, 'hidden': 3.7917711738560524, 'dropout': 0.897892487273409, 'lr': 0.0010093097791440935}. Best is trial 34 with value: -1.4645668268203735.[0m
[32m[I 2023-04-14 01:06:33,626][0m Trial 478 finished with value: -1.3834086656570435 and parameters: {'z_dim': 145, 'hidden': 3.863379860949805, 'dropout': 0.8245116593163602, 'lr': 0.0007167686129097206}. Best is trial 34 with value: -1.4645668268203735.[0m
[32m[I 2023-04-14 01:08:24,484][0m Trial 481 finished with value: -1.2447847127914429 and parameters: {'z_dim': 378, 'hidden': 3.8339678398520576, 'dropout': 0.3918365300505648, 'lr': 0.0007331493151412335}. Best is trial 34 with value: -1.4645668268203735.[0m
[32m[I 2023-04-14 01:08:27,114][0m Trial 483 finished with value: -1.3506139516830444 and parameters: {'z_dim': 54, 'hidden': 2.394087770571819, 'dropout': 0.3222978559394945, 'lr': 0.0007403128556439124}. Best is trial 34 with value: -1.4645668268203735.[0m
[32m[I 2023-04-14 01:09:29,967][0m Trial 464 finished with value: -1.4185553789138794 and parameters: {'z_dim': 792, 'hidden': 3.7319136172085763, 'dropout': 0.44953568956166173, 'lr': 0.0015481389166667075}. Best is trial 34 with value: -1.4645668268203735.[0m
[32m[I 2023-04-14 01:09:48,745][0m Trial 485 finished with value: -1.2705156803131104 and parameters: {'z_dim': 235, 'hidden': 2.3427744262440893, 'dropout': 0.8257773620557575, 'lr': 0.0010519395063408321}. Best is trial 34 with value: -1.4645668268203735.[0m
[32m[I 2023-04-14 01:10:26,362][0m Trial 484 finished with value: -0.9532596468925476 and parameters: {'z_dim': 787, 'hidden': 2.341350061306536, 'dropout': 0.8238777229599943, 'lr': 0.005137400973309613}. Best is trial 34 with value: -1.4645668268203735.[0m
[32m[I 2023-04-14 01:11:55,670][0m Trial 486 finished with value: -1.2069016695022583 and parameters: {'z_dim': 376, 'hidden': 2.3927422243507097, 'dropout': 0.3018622809253594, 'lr': 0.0010348337308450518}. Best is trial 34 with value: -1.4645668268203735.[0m
[32m[I 2023-04-14 01:12:08,057][0m Trial 482 finished with value: -1.437021255493164 and parameters: {'z_dim': 378, 'hidden': 2.3783156018644167, 'dropout': 0.32342660496870523, 'lr': 0.0007263337281381933}. Best is trial 34 with value: -1.4645668268203735.[0m
[32m[I 2023-04-14 01:13:27,710][0m Trial 487 finished with value: -1.2454019784927368 and parameters: {'z_dim': 366, 'hidden': 2.3918111440127134, 'dropout': 0.3869288642482414, 'lr': 0.0023839638879961534}. Best is trial 34 with value: -1.4645668268203735.[0m
[32m[I 2023-04-14 01:14:34,562][0m Trial 488 finished with value: -1.3069435358047485 and parameters: {'z_dim': 58, 'hidden': 2.383141941333051, 'dropout': 0.3187803424191821, 'lr': 0.004860439687404675}. Best is trial 34 with value: -1.4645668268203735.[0m
[32m[I 2023-04-14 01:15:04,501][0m Trial 492 finished with value: -1.0196387767791748 and parameters: {'z_dim': 651, 'hidden': 3.949610981487349, 'dropout': 0.42848569853380114, 'lr': 0.0014057701814134743}. Best is trial 34 with value: -1.4645668268203735.[0m
[32m[I 2023-04-14 01:16:15,998][0m Trial 491 finished with value: -1.191973090171814 and parameters: {'z_dim': 348, 'hidden': 3.5635043069725554, 'dropout': 0.3025679819121664, 'lr': 0.0014103184897897882}. Best is trial 34 with value: -1.4645668268203735.[0m
[32m[I 2023-04-14 01:17:32,497][0m Trial 490 finished with value: 0.26589131355285645 and parameters: {'z_dim': 777, 'hidden': 1.7617581990297695, 'dropout': 0.27163804928193697, 'lr': 0.00723800038704357}. Best is trial 34 with value: -1.4645668268203735.[0m
[32m[I 2023-04-14 01:18:07,571][0m Trial 476 finished with value: 0.00174635648727417 and parameters: {'z_dim': 385, 'hidden': 3.5663982313756026, 'dropout': 0.8236344814505706, 'lr': 0.0022862449305744432}. Best is trial 34 with value: -1.4645668268203735.[0m
[32m[I 2023-04-14 01:18:54,002][0m Trial 495 finished with value: -0.8748453259468079 and parameters: {'z_dim': 917, 'hidden': 1.7573452450777245, 'dropout': 0.46527339688011754, 'lr': 0.0014508502738465312}. Best is trial 34 with value: -1.4645668268203735.[0m
[32m[I 2023-04-14 01:19:02,341][0m Trial 489 finished with value: -1.2996352910995483 and parameters: {'z_dim': 233, 'hidden': 1.7288072189604275, 'dropout': 0.3108866034267942, 'lr': 0.0010085886645664435}. Best is trial 34 with value: -1.4645668268203735.[0m
[32m[I 2023-04-14 01:19:26,935][0m Trial 493 finished with value: -1.2807849645614624 and parameters: {'z_dim': 899, 'hidden': 1.7597389277884241, 'dropout': 0.45576221990075994, 'lr': 0.0015056679069025852}. Best is trial 34 with value: -1.4645668268203735.[0m
[32m[I 2023-04-14 01:19:56,399][0m Trial 494 finished with value: -1.354335069656372 and parameters: {'z_dim': 900, 'hidden': 1.7492039531134442, 'dropout': 0.4582459815588358, 'lr': 0.0014051420607094957}. Best is trial 34 with value: -1.4645668268203735.[0m
[32m[I 2023-04-14 01:20:31,516][0m Trial 473 finished with value: -1.3169786930084229 and parameters: {'z_dim': 372, 'hidden': 3.919702394573356, 'dropout': 0.32405035650035985, 'lr': 0.001995636604423363}. Best is trial 34 with value: -1.4645668268203735.[0m
[32m[I 2023-04-14 01:20:58,272][0m Trial 498 finished with value: -1.2072646617889404 and parameters: {'z_dim': 806, 'hidden': 2.183402966353807, 'dropout': 0.4965633345459002, 'lr': 0.0005347150338432904}. Best is trial 34 with value: -1.4645668268203735.[0m
[32m[I 2023-04-14 01:21:02,455][0m Trial 497 finished with value: -1.272120714187622 and parameters: {'z_dim': 741, 'hidden': 3.9946695091528195, 'dropout': 0.46919899293037637, 'lr': 0.0014676812984838706}. Best is trial 34 with value: -1.4645668268203735.[0m
